{"E:\\RSS\\react-components\\react-api\\src\\components\\App.tsx": {"path":"E:\\RSS\\react-components\\react-api\\src\\components\\App.tsx","statementMap":{"0":{"start":{"line":10,"column":27},"end":{"line":10,"column":30}},"1":{"start":{"line":11,"column":25},"end":{"line":11,"column":33}},"2":{"start":{"line":12,"column":24},"end":{"line":12,"column":31}},"3":{"start":{"line":13,"column":25},"end":{"line":13,"column":28}},"4":{"start":{"line":16,"column":19},"end":{"line":27,"column":1}},"5":{"start":{"line":17,"column":2},"end":{"line":26,"column":4}}},"fnMap":{"0":{"name":"(anonymous_0)","decl":{"start":{"line":16,"column":19},"end":{"line":16,"column":20}},"loc":{"start":{"line":16,"column":39},"end":{"line":27,"column":1}},"line":16}},"branchMap":{},"s":{"0":4,"1":4,"2":4,"3":4,"4":4,"5":0},"f":{"0":0},"b":{},"_coverageSchema":"1a1c01bbd47fc00a2c39e90264f33305004495a9","hash":"a7b94a87a186f917b4f6dc16346329b1adb802bf"}
,"E:\\RSS\\react-components\\react-api\\src\\components\\AboutPage\\AboutPage.tsx": {"path":"E:\\RSS\\react-components\\react-api\\src\\components\\AboutPage\\AboutPage.tsx","statementMap":{"0":{"start":{"line":5,"column":25},"end":{"line":14,"column":1}},"1":{"start":{"line":6,"column":2},"end":{"line":13,"column":4}}},"fnMap":{"0":{"name":"(anonymous_0)","decl":{"start":{"line":5,"column":25},"end":{"line":5,"column":26}},"loc":{"start":{"line":5,"column":45},"end":{"line":14,"column":1}},"line":5}},"branchMap":{},"s":{"0":4,"1":1},"f":{"0":1},"b":{},"_coverageSchema":"1a1c01bbd47fc00a2c39e90264f33305004495a9","hash":"6e18e3d33aeafc7c94205a5f3f5f824f51676e67"}
,"E:\\RSS\\react-components\\react-api\\src\\components\\CardForm\\CardForm.tsx": {"path":"E:\\RSS\\react-components\\react-api\\src\\components\\CardForm\\CardForm.tsx","statementMap":{"0":{"start":{"line":5,"column":24},"end":{"line":17,"column":1}},"1":{"start":{"line":6,"column":2},"end":{"line":16,"column":4}}},"fnMap":{"0":{"name":"(anonymous_0)","decl":{"start":{"line":5,"column":24},"end":{"line":5,"column":25}},"loc":{"start":{"line":5,"column":59},"end":{"line":17,"column":1}},"line":5}},"branchMap":{"0":{"loc":{"start":{"line":12,"column":41},"end":{"line":12,"column":80}},"type":"cond-expr","locations":[{"start":{"line":12,"column":68},"end":{"line":12,"column":73}},{"start":{"line":12,"column":76},"end":{"line":12,"column":80}}],"line":12}},"s":{"0":5,"1":1},"f":{"0":1},"b":{"0":[0,1]},"_coverageSchema":"1a1c01bbd47fc00a2c39e90264f33305004495a9","hash":"8aa15a2f3c45f76fd4bf887d717da08a14ba1b3c"}
,"E:\\RSS\\react-components\\react-api\\src\\components\\Cards\\Cards.tsx": {"path":"E:\\RSS\\react-components\\react-api\\src\\components\\Cards\\Cards.tsx","statementMap":{"0":{"start":{"line":6,"column":21},"end":{"line":34,"column":1}},"1":{"start":{"line":7,"column":28},"end":{"line":7,"column":33}},"2":{"start":{"line":9,"column":16},"end":{"line":11,"column":3}},"3":{"start":{"line":10,"column":4},"end":{"line":10,"column":21}},"4":{"start":{"line":13,"column":23},"end":{"line":15,"column":3}},"5":{"start":{"line":14,"column":4},"end":{"line":14,"column":15}},"6":{"start":{"line":18,"column":2},"end":{"line":33,"column":12}},"7":{"start":{"line":21,"column":8},"end":{"line":31,"column":18}},"8":{"start":{"line":22,"column":59},"end":{"line":22,"column":70}}},"fnMap":{"0":{"name":"(anonymous_0)","decl":{"start":{"line":6,"column":21},"end":{"line":6,"column":22}},"loc":{"start":{"line":6,"column":58},"end":{"line":34,"column":1}},"line":6},"1":{"name":"(anonymous_1)","decl":{"start":{"line":9,"column":16},"end":{"line":9,"column":17}},"loc":{"start":{"line":9,"column":32},"end":{"line":11,"column":3}},"line":9},"2":{"name":"(anonymous_2)","decl":{"start":{"line":13,"column":23},"end":{"line":13,"column":24}},"loc":{"start":{"line":13,"column":39},"end":{"line":15,"column":3}},"line":13},"3":{"name":"(anonymous_3)","decl":{"start":{"line":20,"column":17},"end":{"line":20,"column":18}},"loc":{"start":{"line":20,"column":36},"end":{"line":32,"column":7}},"line":20},"4":{"name":"(anonymous_4)","decl":{"start":{"line":22,"column":53},"end":{"line":22,"column":54}},"loc":{"start":{"line":22,"column":59},"end":{"line":22,"column":70}},"line":22}},"branchMap":{},"s":{"0":5,"1":2,"2":2,"3":0,"4":2,"5":0,"6":2,"7":2,"8":0},"f":{"0":2,"1":0,"2":0,"3":2,"4":0},"b":{},"_coverageSchema":"1a1c01bbd47fc00a2c39e90264f33305004495a9","hash":"f220051a0bc7450184e6b3139efa4f3d5c71dd64"}
,"E:\\RSS\\react-components\\react-api\\src\\components\\ErrorPage\\ErrorPage.tsx": {"path":"E:\\RSS\\react-components\\react-api\\src\\components\\ErrorPage\\ErrorPage.tsx","statementMap":{"0":{"start":{"line":4,"column":25},"end":{"line":11,"column":1}},"1":{"start":{"line":5,"column":4},"end":{"line":10,"column":6}}},"fnMap":{"0":{"name":"(anonymous_0)","decl":{"start":{"line":4,"column":25},"end":{"line":4,"column":26}},"loc":{"start":{"line":4,"column":44},"end":{"line":11,"column":1}},"line":4}},"branchMap":{},"s":{"0":5,"1":1},"f":{"0":1},"b":{},"_coverageSchema":"1a1c01bbd47fc00a2c39e90264f33305004495a9","hash":"997a20a82438c7a76454cb1e79ec99fa2ca0a6bb"}
,"E:\\RSS\\react-components\\react-api\\src\\components\\Form\\Form.tsx": {"path":"E:\\RSS\\react-components\\react-api\\src\\components\\Form\\Form.tsx","statementMap":{"0":{"start":{"line":9,"column":20},"end":{"line":147,"column":1}},"1":{"start":{"line":10,"column":36},"end":{"line":10,"column":48}},"2":{"start":{"line":12,"column":24},"end":{"line":33,"column":3}},"3":{"start":{"line":13,"column":20},"end":{"line":20,"column":5}},"4":{"start":{"line":21,"column":4},"end":{"line":21,"column":42}},"5":{"start":{"line":22,"column":4},"end":{"line":32,"column":7}},"6":{"start":{"line":35,"column":19},"end":{"line":51,"column":3}},"7":{"start":{"line":36,"column":4},"end":{"line":50,"column":6}},"8":{"start":{"line":39,"column":10},"end":{"line":47,"column":12}},"9":{"start":{"line":53,"column":76},"end":{"line":55,"column":4}},"10":{"start":{"line":56,"column":29},"end":{"line":56,"column":66}},"11":{"start":{"line":56,"column":47},"end":{"line":56,"column":66}},"12":{"start":{"line":57,"column":22},"end":{"line":57,"column":45}},"13":{"start":{"line":59,"column":26},"end":{"line":72,"column":3}},"14":{"start":{"line":74,"column":24},"end":{"line":78,"column":3}},"15":{"start":{"line":81,"column":2},"end":{"line":146,"column":4}},"16":{"start":{"line":106,"column":12},"end":{"line":106,"column":76}}},"fnMap":{"0":{"name":"(anonymous_0)","decl":{"start":{"line":9,"column":20},"end":{"line":9,"column":21}},"loc":{"start":{"line":9,"column":39},"end":{"line":147,"column":1}},"line":9},"1":{"name":"(anonymous_1)","decl":{"start":{"line":12,"column":24},"end":{"line":12,"column":25}},"loc":{"start":{"line":12,"column":45},"end":{"line":33,"column":3}},"line":12},"2":{"name":"(anonymous_2)","decl":{"start":{"line":35,"column":19},"end":{"line":35,"column":20}},"loc":{"start":{"line":35,"column":25},"end":{"line":51,"column":3}},"line":35},"3":{"name":"(anonymous_3)","decl":{"start":{"line":38,"column":23},"end":{"line":38,"column":24}},"loc":{"start":{"line":39,"column":10},"end":{"line":47,"column":12}},"line":39},"4":{"name":"(anonymous_4)","decl":{"start":{"line":56,"column":29},"end":{"line":56,"column":30}},"loc":{"start":{"line":56,"column":47},"end":{"line":56,"column":66}},"line":56},"5":{"name":"(anonymous_5)","decl":{"start":{"line":57,"column":22},"end":{"line":57,"column":23}},"loc":{"start":{"line":57,"column":42},"end":{"line":57,"column":45}},"line":57},"6":{"name":"(anonymous_6)","decl":{"start":{"line":105,"column":18},"end":{"line":105,"column":19}},"loc":{"start":{"line":106,"column":12},"end":{"line":106,"column":76}},"line":106}},"branchMap":{"0":{"loc":{"start":{"line":89,"column":11},"end":{"line":89,"column":46}},"type":"binary-expr","locations":[{"start":{"line":89,"column":11},"end":{"line":89,"column":23}},{"start":{"line":89,"column":27},"end":{"line":89,"column":46}}],"line":89},"1":{"loc":{"start":{"line":97,"column":11},"end":{"line":97,"column":46}},"type":"binary-expr","locations":[{"start":{"line":97,"column":11},"end":{"line":97,"column":23}},{"start":{"line":97,"column":27},"end":{"line":97,"column":46}}],"line":97},"2":{"loc":{"start":{"line":110,"column":11},"end":{"line":110,"column":52}},"type":"binary-expr","locations":[{"start":{"line":110,"column":11},"end":{"line":110,"column":26}},{"start":{"line":110,"column":30},"end":{"line":110,"column":52}}],"line":110},"3":{"loc":{"start":{"line":118,"column":11},"end":{"line":118,"column":56}},"type":"binary-expr","locations":[{"start":{"line":118,"column":11},"end":{"line":118,"column":28}},{"start":{"line":118,"column":32},"end":{"line":118,"column":56}}],"line":118},"4":{"loc":{"start":{"line":130,"column":11},"end":{"line":130,"column":50}},"type":"binary-expr","locations":[{"start":{"line":130,"column":11},"end":{"line":130,"column":25}},{"start":{"line":130,"column":29},"end":{"line":130,"column":50}}],"line":130},"5":{"loc":{"start":{"line":138,"column":11},"end":{"line":138,"column":48}},"type":"binary-expr","locations":[{"start":{"line":138,"column":11},"end":{"line":138,"column":24}},{"start":{"line":138,"column":28},"end":{"line":138,"column":48}}],"line":138}},"s":{"0":4,"1":1,"2":1,"3":0,"4":0,"5":0,"6":1,"7":1,"8":0,"9":1,"10":1,"11":0,"12":1,"13":1,"14":1,"15":1,"16":1},"f":{"0":1,"1":0,"2":1,"3":0,"4":0,"5":0,"6":1},"b":{"0":[1,0],"1":[1,0],"2":[1,0],"3":[1,0],"4":[1,0],"5":[1,0]},"_coverageSchema":"1a1c01bbd47fc00a2c39e90264f33305004495a9","hash":"ff323ab8a9888a77b3fef70464fbe4f4095c05b5"}
,"E:\\RSS\\react-components\\react-api\\src\\components\\FormPage\\FormPage.tsx": {"path":"E:\\RSS\\react-components\\react-api\\src\\components\\FormPage\\FormPage.tsx","statementMap":{"0":{"start":{"line":6,"column":24},"end":{"line":16,"column":1}},"1":{"start":{"line":7,"column":2},"end":{"line":15,"column":4}}},"fnMap":{"0":{"name":"(anonymous_0)","decl":{"start":{"line":6,"column":24},"end":{"line":6,"column":25}},"loc":{"start":{"line":6,"column":44},"end":{"line":16,"column":1}},"line":6}},"branchMap":{},"s":{"0":4,"1":1},"f":{"0":1},"b":{},"_coverageSchema":"1a1c01bbd47fc00a2c39e90264f33305004495a9","hash":"1cc1ce7567f53079d8545ce88f25e61bea3eb3c1"}
,"E:\\RSS\\react-components\\react-api\\src\\components\\Header\\Header.tsx": {"path":"E:\\RSS\\react-components\\react-api\\src\\components\\Header\\Header.tsx","statementMap":{"0":{"start":{"line":7,"column":22},"end":{"line":52,"column":1}},"1":{"start":{"line":8,"column":19},"end":{"line":8,"column":32}},"2":{"start":{"line":9,"column":30},"end":{"line":9,"column":42}},"3":{"start":{"line":10,"column":21},"end":{"line":10,"column":41}},"4":{"start":{"line":11,"column":22},"end":{"line":11,"column":63}},"5":{"start":{"line":11,"column":28},"end":{"line":11,"column":63}},"6":{"start":{"line":12,"column":21},"end":{"line":12,"column":64}},"7":{"start":{"line":12,"column":27},"end":{"line":12,"column":64}},"8":{"start":{"line":13,"column":21},"end":{"line":13,"column":61}},"9":{"start":{"line":13,"column":27},"end":{"line":13,"column":61}},"10":{"start":{"line":14,"column":16},"end":{"line":14,"column":23}},"11":{"start":{"line":15,"column":15},"end":{"line":15,"column":21}},"12":{"start":{"line":16,"column":15},"end":{"line":16,"column":21}},"13":{"start":{"line":17,"column":14},"end":{"line":17,"column":17}},"14":{"start":{"line":19,"column":2},"end":{"line":31,"column":5}},"15":{"start":{"line":20,"column":4},"end":{"line":30,"column":5}},"16":{"start":{"line":22,"column":8},"end":{"line":22,"column":25}},"17":{"start":{"line":23,"column":8},"end":{"line":23,"column":14}},"18":{"start":{"line":25,"column":8},"end":{"line":25,"column":24}},"19":{"start":{"line":26,"column":8},"end":{"line":26,"column":14}},"20":{"start":{"line":28,"column":8},"end":{"line":28,"column":24}},"21":{"start":{"line":29,"column":8},"end":{"line":29,"column":14}},"22":{"start":{"line":34,"column":2},"end":{"line":51,"column":4}},"23":{"start":{"line":38,"column":96},"end":{"line":38,"column":117}},"24":{"start":{"line":41,"column":96},"end":{"line":41,"column":114}},"25":{"start":{"line":44,"column":97},"end":{"line":44,"column":116}}},"fnMap":{"0":{"name":"(anonymous_0)","decl":{"start":{"line":7,"column":22},"end":{"line":7,"column":23}},"loc":{"start":{"line":7,"column":41},"end":{"line":52,"column":1}},"line":7},"1":{"name":"(anonymous_1)","decl":{"start":{"line":11,"column":22},"end":{"line":11,"column":23}},"loc":{"start":{"line":11,"column":28},"end":{"line":11,"column":63}},"line":11},"2":{"name":"(anonymous_2)","decl":{"start":{"line":12,"column":21},"end":{"line":12,"column":22}},"loc":{"start":{"line":12,"column":27},"end":{"line":12,"column":64}},"line":12},"3":{"name":"(anonymous_3)","decl":{"start":{"line":13,"column":21},"end":{"line":13,"column":22}},"loc":{"start":{"line":13,"column":27},"end":{"line":13,"column":61}},"line":13},"4":{"name":"(anonymous_4)","decl":{"start":{"line":19,"column":12},"end":{"line":19,"column":13}},"loc":{"start":{"line":19,"column":18},"end":{"line":31,"column":3}},"line":19},"5":{"name":"(anonymous_5)","decl":{"start":{"line":38,"column":90},"end":{"line":38,"column":91}},"loc":{"start":{"line":38,"column":96},"end":{"line":38,"column":117}},"line":38},"6":{"name":"(anonymous_6)","decl":{"start":{"line":41,"column":90},"end":{"line":41,"column":91}},"loc":{"start":{"line":41,"column":96},"end":{"line":41,"column":114}},"line":41},"7":{"name":"(anonymous_7)","decl":{"start":{"line":44,"column":91},"end":{"line":44,"column":92}},"loc":{"start":{"line":44,"column":97},"end":{"line":44,"column":116}},"line":44}},"branchMap":{"0":{"loc":{"start":{"line":20,"column":4},"end":{"line":30,"column":5}},"type":"switch","locations":[{"start":{"line":21,"column":6},"end":{"line":23,"column":14}},{"start":{"line":24,"column":6},"end":{"line":26,"column":14}},{"start":{"line":27,"column":6},"end":{"line":29,"column":14}}],"line":20},"1":{"loc":{"start":{"line":38,"column":55},"end":{"line":38,"column":77}},"type":"cond-expr","locations":[{"start":{"line":38,"column":70},"end":{"line":38,"column":73}},{"start":{"line":38,"column":76},"end":{"line":38,"column":77}}],"line":38},"2":{"loc":{"start":{"line":41,"column":55},"end":{"line":41,"column":77}},"type":"cond-expr","locations":[{"start":{"line":41,"column":70},"end":{"line":41,"column":73}},{"start":{"line":41,"column":76},"end":{"line":41,"column":77}}],"line":41},"3":{"loc":{"start":{"line":44,"column":55},"end":{"line":44,"column":78}},"type":"cond-expr","locations":[{"start":{"line":44,"column":71},"end":{"line":44,"column":74}},{"start":{"line":44,"column":77},"end":{"line":44,"column":78}}],"line":44}},"s":{"0":4,"1":3,"2":3,"3":3,"4":3,"5":3,"6":3,"7":3,"8":3,"9":3,"10":3,"11":3,"12":3,"13":3,"14":3,"15":3,"16":0,"17":0,"18":0,"19":0,"20":0,"21":0,"22":3,"23":0,"24":0,"25":0},"f":{"0":3,"1":3,"2":3,"3":3,"4":3,"5":0,"6":0,"7":0},"b":{"0":[0,0,0],"1":[0,3],"2":[0,3],"3":[0,3]},"_coverageSchema":"1a1c01bbd47fc00a2c39e90264f33305004495a9","hash":"e209f4dd786101c4c5bc26ad6cbf4693e4895356"}
,"E:\\RSS\\react-components\\react-api\\src\\components\\MainPage\\MainPage.tsx": {"path":"E:\\RSS\\react-components\\react-api\\src\\components\\MainPage\\MainPage.tsx","statementMap":{"0":{"start":{"line":8,"column":24},"end":{"line":108,"column":1}},"1":{"start":{"line":9,"column":32},"end":{"line":9,"column":44}},"2":{"start":{"line":10,"column":26},"end":{"line":10,"column":38}},"3":{"start":{"line":11,"column":22},"end":{"line":11,"column":33}},"4":{"start":{"line":12,"column":28},"end":{"line":12,"column":43}},"5":{"start":{"line":13,"column":36},"end":{"line":13,"column":51}},"6":{"start":{"line":15,"column":17},"end":{"line":17,"column":3}},"7":{"start":{"line":16,"column":4},"end":{"line":16,"column":21}},"8":{"start":{"line":19,"column":20},"end":{"line":22,"column":3}},"9":{"start":{"line":20,"column":4},"end":{"line":20,"column":13}},"10":{"start":{"line":21,"column":4},"end":{"line":21,"column":21}},"11":{"start":{"line":24,"column":21},"end":{"line":24,"column":50}},"12":{"start":{"line":25,"column":2},"end":{"line":27,"column":3}},"13":{"start":{"line":26,"column":4},"end":{"line":26,"column":44}},"14":{"start":{"line":28,"column":40},"end":{"line":30,"column":3}},"15":{"start":{"line":32,"column":21},"end":{"line":34,"column":3}},"16":{"start":{"line":33,"column":4},"end":{"line":33,"column":35}},"17":{"start":{"line":36,"column":2},"end":{"line":39,"column":20}},"18":{"start":{"line":37,"column":4},"end":{"line":37,"column":24}},"19":{"start":{"line":38,"column":4},"end":{"line":38,"column":64}},"20":{"start":{"line":41,"column":26},"end":{"line":48,"column":3}},"21":{"start":{"line":42,"column":4},"end":{"line":42,"column":23}},"22":{"start":{"line":43,"column":26},"end":{"line":45,"column":5}},"23":{"start":{"line":46,"column":4},"end":{"line":46,"column":24}},"24":{"start":{"line":47,"column":4},"end":{"line":47,"column":43}},"25":{"start":{"line":50,"column":21},"end":{"line":57,"column":3}},"26":{"start":{"line":52,"column":26},"end":{"line":54,"column":5}},"27":{"start":{"line":56,"column":4},"end":{"line":56,"column":32}},"28":{"start":{"line":59,"column":2},"end":{"line":69,"column":9}},"29":{"start":{"line":60,"column":4},"end":{"line":60,"column":23}},"30":{"start":{"line":61,"column":21},"end":{"line":66,"column":5}},"31":{"start":{"line":62,"column":28},"end":{"line":64,"column":43}},"32":{"start":{"line":64,"column":27},"end":{"line":64,"column":42}},"33":{"start":{"line":65,"column":6},"end":{"line":65,"column":40}},"34":{"start":{"line":67,"column":4},"end":{"line":67,"column":24}},"35":{"start":{"line":68,"column":4},"end":{"line":68,"column":15}},"36":{"start":{"line":71,"column":2},"end":{"line":76,"column":5}},"37":{"start":{"line":72,"column":4},"end":{"line":75,"column":5}},"38":{"start":{"line":73,"column":6},"end":{"line":73,"column":21}},"39":{"start":{"line":74,"column":6},"end":{"line":74,"column":19}},"40":{"start":{"line":78,"column":22},"end":{"line":82,"column":1}},"41":{"start":{"line":79,"column":2},"end":{"line":81,"column":3}},"42":{"start":{"line":80,"column":4},"end":{"line":80,"column":22}},"43":{"start":{"line":84,"column":2},"end":{"line":107,"column":4}}},"fnMap":{"0":{"name":"(anonymous_0)","decl":{"start":{"line":8,"column":24},"end":{"line":8,"column":25}},"loc":{"start":{"line":8,"column":43},"end":{"line":108,"column":1}},"line":8},"1":{"name":"(anonymous_1)","decl":{"start":{"line":15,"column":17},"end":{"line":15,"column":18}},"loc":{"start":{"line":15,"column":40},"end":{"line":17,"column":3}},"line":15},"2":{"name":"(anonymous_2)","decl":{"start":{"line":19,"column":20},"end":{"line":19,"column":21}},"loc":{"start":{"line":19,"column":26},"end":{"line":22,"column":3}},"line":19},"3":{"name":"(anonymous_3)","decl":{"start":{"line":32,"column":21},"end":{"line":32,"column":22}},"loc":{"start":{"line":32,"column":65},"end":{"line":34,"column":3}},"line":32},"4":{"name":"(anonymous_4)","decl":{"start":{"line":36,"column":12},"end":{"line":36,"column":13}},"loc":{"start":{"line":36,"column":18},"end":{"line":39,"column":3}},"line":36},"5":{"name":"(anonymous_5)","decl":{"start":{"line":41,"column":26},"end":{"line":41,"column":27}},"loc":{"start":{"line":41,"column":38},"end":{"line":48,"column":3}},"line":41},"6":{"name":"(anonymous_6)","decl":{"start":{"line":50,"column":21},"end":{"line":50,"column":22}},"loc":{"start":{"line":50,"column":33},"end":{"line":57,"column":3}},"line":50},"7":{"name":"(anonymous_7)","decl":{"start":{"line":59,"column":12},"end":{"line":59,"column":13}},"loc":{"start":{"line":59,"column":18},"end":{"line":69,"column":3}},"line":59},"8":{"name":"(anonymous_8)","decl":{"start":{"line":61,"column":21},"end":{"line":61,"column":22}},"loc":{"start":{"line":61,"column":33},"end":{"line":66,"column":5}},"line":61},"9":{"name":"(anonymous_9)","decl":{"start":{"line":64,"column":13},"end":{"line":64,"column":14}},"loc":{"start":{"line":64,"column":27},"end":{"line":64,"column":42}},"line":64},"10":{"name":"(anonymous_10)","decl":{"start":{"line":71,"column":12},"end":{"line":71,"column":13}},"loc":{"start":{"line":71,"column":18},"end":{"line":76,"column":3}},"line":71},"11":{"name":"(anonymous_11)","decl":{"start":{"line":78,"column":22},"end":{"line":78,"column":23}},"loc":{"start":{"line":78,"column":38},"end":{"line":82,"column":1}},"line":78}},"branchMap":{"0":{"loc":{"start":{"line":25,"column":2},"end":{"line":27,"column":3}},"type":"if","locations":[{"start":{"line":25,"column":2},"end":{"line":27,"column":3}},{"start":{},"end":{}}],"line":25},"1":{"loc":{"start":{"line":29,"column":4},"end":{"line":29,"column":36}},"type":"cond-expr","locations":[{"start":{"line":29,"column":19},"end":{"line":29,"column":31}},{"start":{"line":29,"column":34},"end":{"line":29,"column":36}}],"line":29},"2":{"loc":{"start":{"line":72,"column":4},"end":{"line":75,"column":5}},"type":"if","locations":[{"start":{"line":72,"column":4},"end":{"line":75,"column":5}},{"start":{},"end":{}}],"line":72},"3":{"loc":{"start":{"line":79,"column":2},"end":{"line":81,"column":3}},"type":"if","locations":[{"start":{"line":79,"column":2},"end":{"line":81,"column":3}},{"start":{},"end":{}}],"line":79},"4":{"loc":{"start":{"line":96,"column":7},"end":{"line":105,"column":7}},"type":"cond-expr","locations":[{"start":{"line":97,"column":8},"end":{"line":99,"column":14}},{"start":{"line":101,"column":8},"end":{"line":104,"column":11}}],"line":96}},"s":{"0":4,"1":2,"2":2,"3":2,"4":2,"5":2,"6":2,"7":0,"8":2,"9":0,"10":0,"11":2,"12":2,"13":1,"14":2,"15":2,"16":0,"17":2,"18":1,"19":1,"20":2,"21":0,"22":0,"23":0,"24":0,"25":2,"26":0,"27":0,"28":2,"29":1,"30":1,"31":1,"32":0,"33":0,"34":1,"35":1,"36":2,"37":1,"38":0,"39":0,"40":2,"41":0,"42":0,"43":2},"f":{"0":2,"1":0,"2":0,"3":0,"4":1,"5":0,"6":0,"7":1,"8":1,"9":0,"10":1,"11":0},"b":{"0":[1,1],"1":[0,2],"2":[0,1],"3":[0,0],"4":[0,2]},"_coverageSchema":"1a1c01bbd47fc00a2c39e90264f33305004495a9","hash":"fcee9e435ae239d29e18e40831d9ed64bb605f62"}
,"E:\\RSS\\react-components\\react-api\\src\\components\\Modal\\Modal.tsx": {"path":"E:\\RSS\\react-components\\react-api\\src\\components\\Modal\\Modal.tsx","statementMap":{"0":{"start":{"line":7,"column":21},"end":{"line":22,"column":1}},"1":{"start":{"line":8,"column":38},"end":{"line":8,"column":43}},"2":{"start":{"line":10,"column":2},"end":{"line":21,"column":4}},"3":{"start":{"line":11,"column":23},"end":{"line":11,"column":68}},"4":{"start":{"line":14,"column":29},"end":{"line":14,"column":48}}},"fnMap":{"0":{"name":"(anonymous_0)","decl":{"start":{"line":7,"column":21},"end":{"line":7,"column":22}},"loc":{"start":{"line":7,"column":53},"end":{"line":22,"column":1}},"line":7},"1":{"name":"(anonymous_1)","decl":{"start":{"line":11,"column":18},"end":{"line":11,"column":19}},"loc":{"start":{"line":11,"column":23},"end":{"line":11,"column":68}},"line":11},"2":{"name":"(anonymous_2)","decl":{"start":{"line":14,"column":22},"end":{"line":14,"column":23}},"loc":{"start":{"line":14,"column":29},"end":{"line":14,"column":48}},"line":14}},"branchMap":{"0":{"loc":{"start":{"line":11,"column":23},"end":{"line":11,"column":68}},"type":"binary-expr","locations":[{"start":{"line":11,"column":24},"end":{"line":11,"column":52}},{"start":{"line":11,"column":57},"end":{"line":11,"column":68}}],"line":11},"1":{"loc":{"start":{"line":11,"column":81},"end":{"line":11,"column":134}},"type":"cond-expr","locations":[{"start":{"line":11,"column":90},"end":{"line":11,"column":105}},{"start":{"line":11,"column":108},"end":{"line":11,"column":134}}],"line":11},"2":{"loc":{"start":{"line":12,"column":22},"end":{"line":12,"column":72}},"type":"cond-expr","locations":[{"start":{"line":12,"column":31},"end":{"line":12,"column":43}},{"start":{"line":12,"column":46},"end":{"line":12,"column":72}}],"line":12}},"s":{"0":4,"1":1,"2":1,"3":0,"4":0},"f":{"0":1,"1":0,"2":0},"b":{"0":[0,0],"1":[0,1],"2":[0,1]},"_coverageSchema":"1a1c01bbd47fc00a2c39e90264f33305004495a9","hash":"9d442b3df50dfc660ff4a734e280d401a9e8509b"}
}
