{"I:\\Karina\\GitKarina\\react-components\\react-api\\src\\components\\App.tsx": {"path":"I:\\Karina\\GitKarina\\react-components\\react-api\\src\\components\\App.tsx","statementMap":{"0":{"start":{"line":10,"column":27},"end":{"line":10,"column":30}},"1":{"start":{"line":11,"column":25},"end":{"line":11,"column":33}},"2":{"start":{"line":12,"column":24},"end":{"line":12,"column":31}},"3":{"start":{"line":13,"column":25},"end":{"line":13,"column":28}},"4":{"start":{"line":16,"column":19},"end":{"line":27,"column":1}},"5":{"start":{"line":17,"column":2},"end":{"line":26,"column":4}}},"fnMap":{"0":{"name":"(anonymous_0)","decl":{"start":{"line":16,"column":19},"end":{"line":16,"column":20}},"loc":{"start":{"line":16,"column":39},"end":{"line":27,"column":1}},"line":16}},"branchMap":{},"s":{"0":3,"1":3,"2":3,"3":3,"4":3,"5":0},"f":{"0":0},"b":{},"_coverageSchema":"1a1c01bbd47fc00a2c39e90264f33305004495a9","hash":"c8ad28e151ee27ae979e95da9cd403bf62a018cd"}
,"I:\\Karina\\GitKarina\\react-components\\react-api\\src\\components\\AboutPage\\AboutPage.tsx": {"path":"I:\\Karina\\GitKarina\\react-components\\react-api\\src\\components\\AboutPage\\AboutPage.tsx","statementMap":{"0":{"start":{"line":5,"column":25},"end":{"line":15,"column":1}},"1":{"start":{"line":6,"column":2},"end":{"line":14,"column":4}}},"fnMap":{"0":{"name":"(anonymous_0)","decl":{"start":{"line":5,"column":25},"end":{"line":5,"column":26}},"loc":{"start":{"line":5,"column":45},"end":{"line":15,"column":1}},"line":5}},"branchMap":{},"s":{"0":3,"1":1},"f":{"0":1},"b":{},"_coverageSchema":"1a1c01bbd47fc00a2c39e90264f33305004495a9","hash":"a2c4dcb528d32cfd8d825194b16a0efef78c80ae"}
,"I:\\Karina\\GitKarina\\react-components\\react-api\\src\\components\\Card\\Card.tsx": {"path":"I:\\Karina\\GitKarina\\react-components\\react-api\\src\\components\\Card\\Card.tsx","statementMap":{"0":{"start":{"line":5,"column":20},"end":{"line":16,"column":1}},"1":{"start":{"line":6,"column":2},"end":{"line":14,"column":4}}},"fnMap":{"0":{"name":"(anonymous_0)","decl":{"start":{"line":5,"column":20},"end":{"line":5,"column":21}},"loc":{"start":{"line":5,"column":51},"end":{"line":16,"column":1}},"line":5}},"branchMap":{},"s":{"0":1,"1":2},"f":{"0":2},"b":{},"_coverageSchema":"1a1c01bbd47fc00a2c39e90264f33305004495a9","hash":"bec85b9bfa7dd335be7b3822a0bfb74b18ffcf6e"}
,"I:\\Karina\\GitKarina\\react-components\\react-api\\src\\components\\CardForm\\CardForm.tsx": {"path":"I:\\Karina\\GitKarina\\react-components\\react-api\\src\\components\\CardForm\\CardForm.tsx","statementMap":{"0":{"start":{"line":5,"column":24},"end":{"line":17,"column":1}},"1":{"start":{"line":6,"column":2},"end":{"line":16,"column":4}}},"fnMap":{"0":{"name":"(anonymous_0)","decl":{"start":{"line":5,"column":24},"end":{"line":5,"column":25}},"loc":{"start":{"line":5,"column":59},"end":{"line":17,"column":1}},"line":5}},"branchMap":{"0":{"loc":{"start":{"line":12,"column":41},"end":{"line":12,"column":80}},"type":"cond-expr","locations":[{"start":{"line":12,"column":68},"end":{"line":12,"column":73}},{"start":{"line":12,"column":76},"end":{"line":12,"column":80}}],"line":12}},"s":{"0":5,"1":1},"f":{"0":1},"b":{"0":[0,1]},"_coverageSchema":"1a1c01bbd47fc00a2c39e90264f33305004495a9","hash":"221c91bf42980681e688b2e38cab227f7f42e99b"}
,"I:\\Karina\\GitKarina\\react-components\\react-api\\src\\components\\Cards\\Cards.tsx": {"path":"I:\\Karina\\GitKarina\\react-components\\react-api\\src\\components\\Cards\\Cards.tsx","statementMap":{"0":{"start":{"line":22,"column":21},"end":{"line":50,"column":1}},"1":{"start":{"line":23,"column":28},"end":{"line":23,"column":33}},"2":{"start":{"line":25,"column":16},"end":{"line":27,"column":3}},"3":{"start":{"line":26,"column":4},"end":{"line":26,"column":21}},"4":{"start":{"line":29,"column":23},"end":{"line":31,"column":3}},"5":{"start":{"line":30,"column":4},"end":{"line":30,"column":15}},"6":{"start":{"line":34,"column":2},"end":{"line":49,"column":12}},"7":{"start":{"line":37,"column":8},"end":{"line":47,"column":18}},"8":{"start":{"line":38,"column":59},"end":{"line":38,"column":70}}},"fnMap":{"0":{"name":"(anonymous_0)","decl":{"start":{"line":22,"column":21},"end":{"line":22,"column":22}},"loc":{"start":{"line":22,"column":58},"end":{"line":50,"column":1}},"line":22},"1":{"name":"(anonymous_1)","decl":{"start":{"line":25,"column":16},"end":{"line":25,"column":17}},"loc":{"start":{"line":25,"column":32},"end":{"line":27,"column":3}},"line":25},"2":{"name":"(anonymous_2)","decl":{"start":{"line":29,"column":23},"end":{"line":29,"column":24}},"loc":{"start":{"line":29,"column":39},"end":{"line":31,"column":3}},"line":29},"3":{"name":"(anonymous_3)","decl":{"start":{"line":36,"column":17},"end":{"line":36,"column":18}},"loc":{"start":{"line":36,"column":36},"end":{"line":48,"column":7}},"line":36},"4":{"name":"(anonymous_4)","decl":{"start":{"line":38,"column":53},"end":{"line":38,"column":54}},"loc":{"start":{"line":38,"column":59},"end":{"line":38,"column":70}},"line":38}},"branchMap":{},"s":{"0":4,"1":0,"2":0,"3":0,"4":0,"5":0,"6":0,"7":0,"8":0},"f":{"0":0,"1":0,"2":0,"3":0,"4":0},"b":{},"_coverageSchema":"1a1c01bbd47fc00a2c39e90264f33305004495a9","hash":"81a902a0feaf93b3dcb0f387a6de64c571d42bac"}
,"I:\\Karina\\GitKarina\\react-components\\react-api\\src\\components\\ErrorPage\\ErrorPage.tsx": {"path":"I:\\Karina\\GitKarina\\react-components\\react-api\\src\\components\\ErrorPage\\ErrorPage.tsx","statementMap":{"0":{"start":{"line":4,"column":25},"end":{"line":11,"column":1}},"1":{"start":{"line":5,"column":4},"end":{"line":10,"column":6}}},"fnMap":{"0":{"name":"(anonymous_0)","decl":{"start":{"line":4,"column":25},"end":{"line":4,"column":26}},"loc":{"start":{"line":4,"column":44},"end":{"line":11,"column":1}},"line":4}},"branchMap":{},"s":{"0":4,"1":1},"f":{"0":1},"b":{},"_coverageSchema":"1a1c01bbd47fc00a2c39e90264f33305004495a9","hash":"bd010fe0456c408acee2ddf7436f11088a7e090e"}
,"I:\\Karina\\GitKarina\\react-components\\react-api\\src\\components\\Form\\Form.tsx": {"path":"I:\\Karina\\GitKarina\\react-components\\react-api\\src\\components\\Form\\Form.tsx","statementMap":{"0":{"start":{"line":9,"column":20},"end":{"line":147,"column":1}},"1":{"start":{"line":10,"column":36},"end":{"line":10,"column":48}},"2":{"start":{"line":12,"column":24},"end":{"line":33,"column":3}},"3":{"start":{"line":13,"column":20},"end":{"line":20,"column":5}},"4":{"start":{"line":21,"column":4},"end":{"line":21,"column":42}},"5":{"start":{"line":22,"column":4},"end":{"line":32,"column":7}},"6":{"start":{"line":35,"column":19},"end":{"line":51,"column":3}},"7":{"start":{"line":36,"column":4},"end":{"line":50,"column":6}},"8":{"start":{"line":39,"column":10},"end":{"line":47,"column":12}},"9":{"start":{"line":53,"column":76},"end":{"line":55,"column":4}},"10":{"start":{"line":56,"column":29},"end":{"line":56,"column":66}},"11":{"start":{"line":56,"column":47},"end":{"line":56,"column":66}},"12":{"start":{"line":57,"column":22},"end":{"line":57,"column":45}},"13":{"start":{"line":59,"column":26},"end":{"line":72,"column":3}},"14":{"start":{"line":74,"column":24},"end":{"line":78,"column":3}},"15":{"start":{"line":81,"column":2},"end":{"line":146,"column":4}},"16":{"start":{"line":106,"column":12},"end":{"line":106,"column":76}}},"fnMap":{"0":{"name":"(anonymous_0)","decl":{"start":{"line":9,"column":20},"end":{"line":9,"column":21}},"loc":{"start":{"line":9,"column":39},"end":{"line":147,"column":1}},"line":9},"1":{"name":"(anonymous_1)","decl":{"start":{"line":12,"column":24},"end":{"line":12,"column":25}},"loc":{"start":{"line":12,"column":45},"end":{"line":33,"column":3}},"line":12},"2":{"name":"(anonymous_2)","decl":{"start":{"line":35,"column":19},"end":{"line":35,"column":20}},"loc":{"start":{"line":35,"column":25},"end":{"line":51,"column":3}},"line":35},"3":{"name":"(anonymous_3)","decl":{"start":{"line":38,"column":23},"end":{"line":38,"column":24}},"loc":{"start":{"line":39,"column":10},"end":{"line":47,"column":12}},"line":39},"4":{"name":"(anonymous_4)","decl":{"start":{"line":56,"column":29},"end":{"line":56,"column":30}},"loc":{"start":{"line":56,"column":47},"end":{"line":56,"column":66}},"line":56},"5":{"name":"(anonymous_5)","decl":{"start":{"line":57,"column":22},"end":{"line":57,"column":23}},"loc":{"start":{"line":57,"column":42},"end":{"line":57,"column":45}},"line":57},"6":{"name":"(anonymous_6)","decl":{"start":{"line":105,"column":18},"end":{"line":105,"column":19}},"loc":{"start":{"line":106,"column":12},"end":{"line":106,"column":76}},"line":106}},"branchMap":{"0":{"loc":{"start":{"line":89,"column":11},"end":{"line":89,"column":46}},"type":"binary-expr","locations":[{"start":{"line":89,"column":11},"end":{"line":89,"column":23}},{"start":{"line":89,"column":27},"end":{"line":89,"column":46}}],"line":89},"1":{"loc":{"start":{"line":97,"column":11},"end":{"line":97,"column":46}},"type":"binary-expr","locations":[{"start":{"line":97,"column":11},"end":{"line":97,"column":23}},{"start":{"line":97,"column":27},"end":{"line":97,"column":46}}],"line":97},"2":{"loc":{"start":{"line":110,"column":11},"end":{"line":110,"column":52}},"type":"binary-expr","locations":[{"start":{"line":110,"column":11},"end":{"line":110,"column":26}},{"start":{"line":110,"column":30},"end":{"line":110,"column":52}}],"line":110},"3":{"loc":{"start":{"line":118,"column":11},"end":{"line":118,"column":56}},"type":"binary-expr","locations":[{"start":{"line":118,"column":11},"end":{"line":118,"column":28}},{"start":{"line":118,"column":32},"end":{"line":118,"column":56}}],"line":118},"4":{"loc":{"start":{"line":130,"column":11},"end":{"line":130,"column":50}},"type":"binary-expr","locations":[{"start":{"line":130,"column":11},"end":{"line":130,"column":25}},{"start":{"line":130,"column":29},"end":{"line":130,"column":50}}],"line":130},"5":{"loc":{"start":{"line":138,"column":11},"end":{"line":138,"column":48}},"type":"binary-expr","locations":[{"start":{"line":138,"column":11},"end":{"line":138,"column":24}},{"start":{"line":138,"column":28},"end":{"line":138,"column":48}}],"line":138}},"s":{"0":4,"1":6,"2":5,"3":0,"4":0,"5":0,"6":5,"7":5,"8":0,"9":5,"10":5,"11":0,"12":5,"13":5,"14":5,"15":5,"16":5},"f":{"0":6,"1":0,"2":5,"3":0,"4":0,"5":1,"6":5},"b":{"0":[5,1],"1":[5,1],"2":[5,1],"3":[5,1],"4":[5,1],"5":[5,1]},"_coverageSchema":"1a1c01bbd47fc00a2c39e90264f33305004495a9","hash":"889b66fac810ba9ce161c3d376318ceaa6050cbe"}
,"I:\\Karina\\GitKarina\\react-components\\react-api\\src\\components\\FormPage\\FormPage.tsx": {"path":"I:\\Karina\\GitKarina\\react-components\\react-api\\src\\components\\FormPage\\FormPage.tsx","statementMap":{"0":{"start":{"line":6,"column":24},"end":{"line":16,"column":1}},"1":{"start":{"line":7,"column":2},"end":{"line":15,"column":4}}},"fnMap":{"0":{"name":"(anonymous_0)","decl":{"start":{"line":6,"column":24},"end":{"line":6,"column":25}},"loc":{"start":{"line":6,"column":44},"end":{"line":16,"column":1}},"line":6}},"branchMap":{},"s":{"0":3,"1":1},"f":{"0":1},"b":{},"_coverageSchema":"1a1c01bbd47fc00a2c39e90264f33305004495a9","hash":"92b9b009a23e398e78e44491cb3e6612982007e2"}
,"I:\\Karina\\GitKarina\\react-components\\react-api\\src\\components\\Header\\Header.tsx": {"path":"I:\\Karina\\GitKarina\\react-components\\react-api\\src\\components\\Header\\Header.tsx","statementMap":{"0":{"start":{"line":7,"column":22},"end":{"line":52,"column":1}},"1":{"start":{"line":8,"column":19},"end":{"line":8,"column":32}},"2":{"start":{"line":9,"column":30},"end":{"line":9,"column":42}},"3":{"start":{"line":10,"column":21},"end":{"line":10,"column":41}},"4":{"start":{"line":11,"column":22},"end":{"line":11,"column":63}},"5":{"start":{"line":11,"column":28},"end":{"line":11,"column":63}},"6":{"start":{"line":12,"column":21},"end":{"line":12,"column":64}},"7":{"start":{"line":12,"column":27},"end":{"line":12,"column":64}},"8":{"start":{"line":13,"column":21},"end":{"line":13,"column":61}},"9":{"start":{"line":13,"column":27},"end":{"line":13,"column":61}},"10":{"start":{"line":14,"column":16},"end":{"line":14,"column":23}},"11":{"start":{"line":15,"column":15},"end":{"line":15,"column":21}},"12":{"start":{"line":16,"column":15},"end":{"line":16,"column":21}},"13":{"start":{"line":17,"column":14},"end":{"line":17,"column":17}},"14":{"start":{"line":19,"column":2},"end":{"line":31,"column":5}},"15":{"start":{"line":20,"column":4},"end":{"line":30,"column":5}},"16":{"start":{"line":22,"column":8},"end":{"line":22,"column":25}},"17":{"start":{"line":23,"column":8},"end":{"line":23,"column":14}},"18":{"start":{"line":25,"column":8},"end":{"line":25,"column":24}},"19":{"start":{"line":26,"column":8},"end":{"line":26,"column":14}},"20":{"start":{"line":28,"column":8},"end":{"line":28,"column":24}},"21":{"start":{"line":29,"column":8},"end":{"line":29,"column":14}},"22":{"start":{"line":34,"column":2},"end":{"line":51,"column":4}},"23":{"start":{"line":38,"column":96},"end":{"line":38,"column":117}},"24":{"start":{"line":41,"column":96},"end":{"line":41,"column":114}},"25":{"start":{"line":44,"column":97},"end":{"line":44,"column":116}}},"fnMap":{"0":{"name":"(anonymous_0)","decl":{"start":{"line":7,"column":22},"end":{"line":7,"column":23}},"loc":{"start":{"line":7,"column":41},"end":{"line":52,"column":1}},"line":7},"1":{"name":"(anonymous_1)","decl":{"start":{"line":11,"column":22},"end":{"line":11,"column":23}},"loc":{"start":{"line":11,"column":28},"end":{"line":11,"column":63}},"line":11},"2":{"name":"(anonymous_2)","decl":{"start":{"line":12,"column":21},"end":{"line":12,"column":22}},"loc":{"start":{"line":12,"column":27},"end":{"line":12,"column":64}},"line":12},"3":{"name":"(anonymous_3)","decl":{"start":{"line":13,"column":21},"end":{"line":13,"column":22}},"loc":{"start":{"line":13,"column":27},"end":{"line":13,"column":61}},"line":13},"4":{"name":"(anonymous_4)","decl":{"start":{"line":19,"column":12},"end":{"line":19,"column":13}},"loc":{"start":{"line":19,"column":18},"end":{"line":31,"column":3}},"line":19},"5":{"name":"(anonymous_5)","decl":{"start":{"line":38,"column":90},"end":{"line":38,"column":91}},"loc":{"start":{"line":38,"column":96},"end":{"line":38,"column":117}},"line":38},"6":{"name":"(anonymous_6)","decl":{"start":{"line":41,"column":90},"end":{"line":41,"column":91}},"loc":{"start":{"line":41,"column":96},"end":{"line":41,"column":114}},"line":41},"7":{"name":"(anonymous_7)","decl":{"start":{"line":44,"column":91},"end":{"line":44,"column":92}},"loc":{"start":{"line":44,"column":97},"end":{"line":44,"column":116}},"line":44}},"branchMap":{"0":{"loc":{"start":{"line":20,"column":4},"end":{"line":30,"column":5}},"type":"switch","locations":[{"start":{"line":21,"column":6},"end":{"line":23,"column":14}},{"start":{"line":24,"column":6},"end":{"line":26,"column":14}},{"start":{"line":27,"column":6},"end":{"line":29,"column":14}}],"line":20},"1":{"loc":{"start":{"line":38,"column":55},"end":{"line":38,"column":77}},"type":"cond-expr","locations":[{"start":{"line":38,"column":70},"end":{"line":38,"column":73}},{"start":{"line":38,"column":76},"end":{"line":38,"column":77}}],"line":38},"2":{"loc":{"start":{"line":41,"column":55},"end":{"line":41,"column":77}},"type":"cond-expr","locations":[{"start":{"line":41,"column":70},"end":{"line":41,"column":73}},{"start":{"line":41,"column":76},"end":{"line":41,"column":77}}],"line":41},"3":{"loc":{"start":{"line":44,"column":55},"end":{"line":44,"column":78}},"type":"cond-expr","locations":[{"start":{"line":44,"column":71},"end":{"line":44,"column":74}},{"start":{"line":44,"column":77},"end":{"line":44,"column":78}}],"line":44}},"s":{"0":3,"1":2,"2":2,"3":2,"4":2,"5":2,"6":2,"7":2,"8":2,"9":2,"10":2,"11":2,"12":2,"13":2,"14":2,"15":2,"16":0,"17":0,"18":0,"19":0,"20":0,"21":0,"22":2,"23":0,"24":0,"25":0},"f":{"0":2,"1":2,"2":2,"3":2,"4":2,"5":0,"6":0,"7":0},"b":{"0":[0,0,0],"1":[0,2],"2":[0,2],"3":[0,2]},"_coverageSchema":"1a1c01bbd47fc00a2c39e90264f33305004495a9","hash":"bb6537dcb1b9fbf8ebeb4e35c3b72a6b773ef26f"}
,"I:\\Karina\\GitKarina\\react-components\\react-api\\src\\components\\MainPage\\MainPage.tsx": {"path":"I:\\Karina\\GitKarina\\react-components\\react-api\\src\\components\\MainPage\\MainPage.tsx","statementMap":{"0":{"start":{"line":8,"column":24},"end":{"line":55,"column":1}},"1":{"start":{"line":9,"column":32},"end":{"line":9,"column":44}},"2":{"start":{"line":10,"column":22},"end":{"line":10,"column":34}},"3":{"start":{"line":13,"column":17},"end":{"line":15,"column":3}},"4":{"start":{"line":14,"column":4},"end":{"line":14,"column":14}},"5":{"start":{"line":17,"column":21},"end":{"line":17,"column":50}},"6":{"start":{"line":18,"column":2},"end":{"line":20,"column":3}},"7":{"start":{"line":19,"column":4},"end":{"line":19,"column":44}},"8":{"start":{"line":21,"column":40},"end":{"line":21,"column":82}},"9":{"start":{"line":22,"column":21},"end":{"line":26,"column":3}},"10":{"start":{"line":23,"column":4},"end":{"line":23,"column":35}},"11":{"start":{"line":24,"column":4},"end":{"line":24,"column":66}},"12":{"start":{"line":25,"column":4},"end":{"line":25,"column":22}},"13":{"start":{"line":28,"column":2},"end":{"line":34,"column":9}},"14":{"start":{"line":29,"column":22},"end":{"line":32,"column":5}},"15":{"start":{"line":30,"column":28},"end":{"line":30,"column":118}},"16":{"start":{"line":30,"column":102},"end":{"line":30,"column":117}},"17":{"start":{"line":31,"column":6},"end":{"line":31,"column":40}},"18":{"start":{"line":33,"column":4},"end":{"line":33,"column":16}},"19":{"start":{"line":36,"column":26},"end":{"line":42,"column":3}},"20":{"start":{"line":37,"column":26},"end":{"line":37,"column":101}},"21":{"start":{"line":38,"column":4},"end":{"line":38,"column":47}},"22":{"start":{"line":39,"column":4},"end":{"line":39,"column":34}},"23":{"start":{"line":41,"column":4},"end":{"line":41,"column":43}},"24":{"start":{"line":46,"column":2},"end":{"line":54,"column":4}}},"fnMap":{"0":{"name":"(anonymous_0)","decl":{"start":{"line":8,"column":24},"end":{"line":8,"column":25}},"loc":{"start":{"line":8,"column":43},"end":{"line":55,"column":1}},"line":8},"1":{"name":"(anonymous_1)","decl":{"start":{"line":13,"column":17},"end":{"line":13,"column":18}},"loc":{"start":{"line":13,"column":33},"end":{"line":15,"column":3}},"line":13},"2":{"name":"(anonymous_2)","decl":{"start":{"line":22,"column":21},"end":{"line":22,"column":22}},"loc":{"start":{"line":22,"column":65},"end":{"line":26,"column":3}},"line":22},"3":{"name":"(anonymous_3)","decl":{"start":{"line":28,"column":12},"end":{"line":28,"column":13}},"loc":{"start":{"line":28,"column":18},"end":{"line":34,"column":3}},"line":28},"4":{"name":"(anonymous_4)","decl":{"start":{"line":29,"column":22},"end":{"line":29,"column":23}},"loc":{"start":{"line":29,"column":34},"end":{"line":32,"column":5}},"line":29},"5":{"name":"(anonymous_5)","decl":{"start":{"line":30,"column":88},"end":{"line":30,"column":89}},"loc":{"start":{"line":30,"column":102},"end":{"line":30,"column":117}},"line":30},"6":{"name":"(anonymous_6)","decl":{"start":{"line":36,"column":26},"end":{"line":36,"column":27}},"loc":{"start":{"line":36,"column":38},"end":{"line":42,"column":3}},"line":36}},"branchMap":{"0":{"loc":{"start":{"line":18,"column":2},"end":{"line":20,"column":3}},"type":"if","locations":[{"start":{"line":18,"column":2},"end":{"line":20,"column":3}},{"start":{},"end":{}}],"line":18},"1":{"loc":{"start":{"line":21,"column":49},"end":{"line":21,"column":81}},"type":"cond-expr","locations":[{"start":{"line":21,"column":64},"end":{"line":21,"column":76}},{"start":{"line":21,"column":79},"end":{"line":21,"column":81}}],"line":21}},"s":{"0":3,"1":0,"2":0,"3":0,"4":0,"5":0,"6":0,"7":0,"8":0,"9":0,"10":0,"11":0,"12":0,"13":0,"14":0,"15":0,"16":0,"17":0,"18":0,"19":0,"20":0,"21":0,"22":0,"23":0,"24":0},"f":{"0":0,"1":0,"2":0,"3":0,"4":0,"5":0,"6":0},"b":{"0":[0,0],"1":[0,0]},"_coverageSchema":"1a1c01bbd47fc00a2c39e90264f33305004495a9","hash":"ef2270edfb09e15e69d5b8c648c3884242ea35e0"}
}
