TN:
SF:src\components\App.tsx
FN:16,(anonymous_0)
FNF:1
FNH:0
FNDA:0,(anonymous_0)
DA:10,4
DA:11,4
DA:12,4
DA:13,4
DA:16,4
DA:17,0
LF:6
LH:5
BRF:0
BRH:0
end_of_record
TN:
SF:src\components\api.tsx
FN:1,(anonymous_0)
FN:2,(anonymous_1)
FN:8,(anonymous_2)
FN:11,(anonymous_3)
FN:17,(anonymous_4)
FN:19,(anonymous_5)
FNF:6
FNH:0
FNDA:0,(anonymous_0)
FNDA:0,(anonymous_1)
FNDA:0,(anonymous_2)
FNDA:0,(anonymous_3)
FNDA:0,(anonymous_4)
FNDA:0,(anonymous_5)
DA:1,4
DA:2,0
DA:3,0
DA:4,0
DA:8,4
DA:9,0
DA:12,0
DA:13,0
DA:17,4
DA:18,0
DA:20,0
DA:21,0
LF:12
LH:3
BRDA:3,0,0,0
BRDA:3,0,1,0
BRDA:12,1,0,0
BRDA:12,1,1,0
BRDA:20,2,0,0
BRDA:20,2,1,0
BRF:6
BRH:0
end_of_record
TN:
SF:src\components\AboutPage\AboutPage.tsx
FN:5,(anonymous_0)
FNF:1
FNH:1
FNDA:1,(anonymous_0)
DA:5,4
DA:6,1
LF:2
LH:2
BRF:0
BRH:0
end_of_record
TN:
SF:src\components\CardForm\CardForm.tsx
FN:5,(anonymous_0)
FNF:1
FNH:1
FNDA:1,(anonymous_0)
DA:5,5
DA:6,1
LF:2
LH:2
BRDA:12,0,0,0
BRDA:12,0,1,1
BRF:2
BRH:1
end_of_record
TN:
SF:src\components\Cards\Cards.tsx
FN:6,(anonymous_0)
FN:9,(anonymous_1)
FN:13,(anonymous_2)
FN:20,(anonymous_3)
FN:22,(anonymous_4)
FNF:5
FNH:2
FNDA:5,(anonymous_0)
FNDA:0,(anonymous_1)
FNDA:0,(anonymous_2)
FNDA:2,(anonymous_3)
FNDA:0,(anonymous_4)
DA:6,5
DA:7,5
DA:9,4
DA:10,0
DA:13,4
DA:14,0
DA:18,4
DA:21,2
DA:22,0
LF:9
LH:6
BRF:0
BRH:0
end_of_record
TN:
SF:src\components\ErrorPage\ErrorPage.tsx
FN:4,(anonymous_0)
FNF:1
FNH:1
FNDA:1,(anonymous_0)
DA:4,5
DA:5,1
LF:2
LH:2
BRF:0
BRH:0
end_of_record
TN:
SF:src\components\Form\Form.tsx
FN:9,(anonymous_0)
FN:12,(anonymous_1)
FN:35,(anonymous_2)
FN:38,(anonymous_3)
FN:56,(anonymous_4)
FN:57,(anonymous_5)
FN:105,(anonymous_6)
FNF:7
FNH:3
FNDA:1,(anonymous_0)
FNDA:0,(anonymous_1)
FNDA:1,(anonymous_2)
FNDA:0,(anonymous_3)
FNDA:0,(anonymous_4)
FNDA:0,(anonymous_5)
FNDA:1,(anonymous_6)
DA:9,4
DA:10,1
DA:12,1
DA:13,0
DA:21,0
DA:22,0
DA:35,1
DA:36,1
DA:39,0
DA:53,1
DA:56,1
DA:57,1
DA:59,1
DA:74,1
DA:81,1
DA:106,1
LF:16
LH:12
BRDA:89,0,0,1
BRDA:89,0,1,0
BRDA:97,1,0,1
BRDA:97,1,1,0
BRDA:110,2,0,1
BRDA:110,2,1,0
BRDA:118,3,0,1
BRDA:118,3,1,0
BRDA:130,4,0,1
BRDA:130,4,1,0
BRDA:138,5,0,1
BRDA:138,5,1,0
BRF:12
BRH:6
end_of_record
TN:
SF:src\components\FormPage\FormPage.tsx
FN:6,(anonymous_0)
FNF:1
FNH:1
FNDA:1,(anonymous_0)
DA:6,4
DA:7,1
LF:2
LH:2
BRF:0
BRH:0
end_of_record
TN:
SF:src\components\Header\Header.tsx
FN:7,(anonymous_0)
FN:11,(anonymous_1)
FN:12,(anonymous_2)
FN:13,(anonymous_3)
FN:19,(anonymous_4)
FN:38,(anonymous_5)
FN:41,(anonymous_6)
FN:44,(anonymous_7)
FNF:8
FNH:5
FNDA:6,(anonymous_0)
FNDA:6,(anonymous_1)
FNDA:6,(anonymous_2)
FNDA:6,(anonymous_3)
FNDA:5,(anonymous_4)
FNDA:0,(anonymous_5)
FNDA:0,(anonymous_6)
FNDA:0,(anonymous_7)
DA:7,4
DA:8,6
DA:9,6
DA:10,6
DA:11,6
DA:12,6
DA:13,6
DA:14,6
DA:15,6
DA:16,6
DA:17,6
DA:19,6
DA:20,5
DA:22,0
DA:23,0
DA:25,0
DA:26,0
DA:28,0
DA:29,0
DA:34,6
DA:38,0
DA:41,0
DA:44,0
LF:23
LH:14
BRDA:20,0,0,0
BRDA:20,0,1,0
BRDA:20,0,2,0
BRDA:38,1,0,0
BRDA:38,1,1,6
BRDA:41,2,0,0
BRDA:41,2,1,6
BRDA:44,3,0,0
BRDA:44,3,1,6
BRF:9
BRH:3
end_of_record
TN:
SF:src\components\MainPage\MainPage.tsx
FN:8,(anonymous_0)
FN:15,(anonymous_1)
FN:19,(anonymous_2)
FN:32,(anonymous_3)
FN:36,(anonymous_4)
FN:41,(anonymous_5)
FN:44,(anonymous_6)
FN:47,(anonymous_7)
FN:52,(anonymous_8)
FN:56,(anonymous_9)
FN:61,(anonymous_10)
FN:64,(anonymous_11)
FNF:12
FNH:5
FNDA:4,(anonymous_0)
FNDA:0,(anonymous_1)
FNDA:0,(anonymous_2)
FNDA:0,(anonymous_3)
FNDA:1,(anonymous_4)
FNDA:1,(anonymous_5)
FNDA:0,(anonymous_6)
FNDA:1,(anonymous_7)
FNDA:1,(anonymous_8)
FNDA:0,(anonymous_9)
FNDA:0,(anonymous_10)
FNDA:0,(anonymous_11)
DA:8,4
DA:9,4
DA:10,3
DA:11,3
DA:12,3
DA:13,3
DA:15,3
DA:16,0
DA:19,3
DA:20,0
DA:21,0
DA:24,3
DA:25,3
DA:26,2
DA:28,3
DA:32,3
DA:33,0
DA:36,3
DA:37,1
DA:38,1
DA:41,3
DA:42,1
DA:43,1
DA:44,0
DA:46,1
DA:47,1
DA:49,1
DA:52,3
DA:53,1
DA:54,0
DA:55,0
DA:56,0
DA:57,0
DA:61,3
DA:62,0
DA:63,0
DA:64,0
DA:65,0
DA:69,3
LF:39
LH:26
BRDA:25,0,0,2
BRDA:25,0,1,1
BRDA:29,1,0,0
BRDA:29,1,1,3
BRDA:43,2,0,0
BRDA:43,2,1,1
BRDA:46,3,0,1
BRDA:46,3,1,0
BRDA:53,4,0,0
BRDA:53,4,1,1
BRDA:62,5,0,0
BRDA:62,5,1,0
BRDA:81,6,0,0
BRDA:81,6,1,3
BRF:14
BRH:7
end_of_record
TN:
SF:src\components\Modal\Modal.tsx
FN:7,(anonymous_0)
FN:11,(anonymous_1)
FN:14,(anonymous_2)
FNF:3
FNH:1
FNDA:2,(anonymous_0)
FNDA:0,(anonymous_1)
FNDA:0,(anonymous_2)
DA:7,4
DA:8,2
DA:10,2
DA:11,0
DA:14,0
LF:5
LH:3
BRDA:11,0,0,0
BRDA:11,0,1,0
BRDA:11,1,0,0
BRDA:11,1,1,2
BRDA:12,2,0,0
BRDA:12,2,1,2
BRF:6
BRH:2
end_of_record
