TN:
SF:src\components\App.tsx
FN:16,(anonymous_0)
FNF:1
FNH:0
FNDA:0,(anonymous_0)
DA:10,4
DA:11,4
DA:12,4
DA:13,4
DA:16,4
DA:17,0
LF:6
LH:5
BRF:0
BRH:0
end_of_record
TN:
SF:src\components\AboutPage\AboutPage.tsx
FN:5,(anonymous_0)
FNF:1
FNH:1
FNDA:1,(anonymous_0)
DA:5,4
DA:6,1
LF:2
LH:2
BRF:0
BRH:0
end_of_record
TN:
SF:src\components\CardForm\CardForm.tsx
FN:5,(anonymous_0)
FNF:1
FNH:1
FNDA:1,(anonymous_0)
DA:5,5
DA:6,1
LF:2
LH:2
BRDA:12,0,0,0
BRDA:12,0,1,1
BRF:2
BRH:1
end_of_record
TN:
SF:src\components\Cards\Cards.tsx
FN:6,(anonymous_0)
FN:9,(anonymous_1)
FN:13,(anonymous_2)
FN:20,(anonymous_3)
FN:22,(anonymous_4)
FNF:5
FNH:2
FNDA:2,(anonymous_0)
FNDA:0,(anonymous_1)
FNDA:0,(anonymous_2)
FNDA:2,(anonymous_3)
FNDA:0,(anonymous_4)
DA:6,5
DA:7,2
DA:9,2
DA:10,0
DA:13,2
DA:14,0
DA:18,2
DA:21,2
DA:22,0
LF:9
LH:6
BRF:0
BRH:0
end_of_record
TN:
SF:src\components\ErrorPage\ErrorPage.tsx
FN:4,(anonymous_0)
FNF:1
FNH:1
FNDA:1,(anonymous_0)
DA:4,5
DA:5,1
LF:2
LH:2
BRF:0
BRH:0
end_of_record
TN:
SF:src\components\Form\Form.tsx
FN:9,(anonymous_0)
FN:12,(anonymous_1)
FN:35,(anonymous_2)
FN:38,(anonymous_3)
FN:56,(anonymous_4)
FN:57,(anonymous_5)
FN:105,(anonymous_6)
FNF:7
FNH:3
FNDA:1,(anonymous_0)
FNDA:0,(anonymous_1)
FNDA:1,(anonymous_2)
FNDA:0,(anonymous_3)
FNDA:0,(anonymous_4)
FNDA:0,(anonymous_5)
FNDA:1,(anonymous_6)
DA:9,4
DA:10,1
DA:12,1
DA:13,0
DA:21,0
DA:22,0
DA:35,1
DA:36,1
DA:39,0
DA:53,1
DA:56,1
DA:57,1
DA:59,1
DA:74,1
DA:81,1
DA:106,1
LF:16
LH:12
BRDA:89,0,0,1
BRDA:89,0,1,0
BRDA:97,1,0,1
BRDA:97,1,1,0
BRDA:110,2,0,1
BRDA:110,2,1,0
BRDA:118,3,0,1
BRDA:118,3,1,0
BRDA:130,4,0,1
BRDA:130,4,1,0
BRDA:138,5,0,1
BRDA:138,5,1,0
BRF:12
BRH:6
end_of_record
TN:
SF:src\components\FormPage\FormPage.tsx
FN:6,(anonymous_0)
FNF:1
FNH:1
FNDA:1,(anonymous_0)
DA:6,4
DA:7,1
LF:2
LH:2
BRF:0
BRH:0
end_of_record
TN:
SF:src\components\Header\Header.tsx
FN:7,(anonymous_0)
FN:11,(anonymous_1)
FN:12,(anonymous_2)
FN:13,(anonymous_3)
FN:19,(anonymous_4)
FN:38,(anonymous_5)
FN:41,(anonymous_6)
FN:44,(anonymous_7)
FNF:8
FNH:5
FNDA:5,(anonymous_0)
FNDA:2,(anonymous_1)
FNDA:2,(anonymous_2)
FNDA:2,(anonymous_3)
FNDA:2,(anonymous_4)
FNDA:0,(anonymous_5)
FNDA:0,(anonymous_6)
FNDA:0,(anonymous_7)
DA:7,4
DA:8,5
DA:9,2
DA:10,2
DA:11,2
DA:12,2
DA:13,2
DA:14,2
DA:15,2
DA:16,2
DA:17,2
DA:19,2
DA:20,2
DA:22,0
DA:23,0
DA:25,0
DA:26,0
DA:28,0
DA:29,0
DA:34,2
DA:38,0
DA:41,0
DA:44,0
LF:23
LH:14
BRDA:20,0,0,0
BRDA:20,0,1,0
BRDA:20,0,2,0
BRDA:38,1,0,0
BRDA:38,1,1,2
BRDA:41,2,0,0
BRDA:41,2,1,2
BRDA:44,3,0,0
BRDA:44,3,1,2
BRF:9
BRH:3
end_of_record
TN:
SF:src\components\MainPage\MainPage.tsx
FN:8,(anonymous_0)
FN:15,(anonymous_1)
FN:19,(anonymous_2)
FN:32,(anonymous_3)
FN:37,(anonymous_4)
FN:42,(anonymous_5)
FN:51,(anonymous_6)
FN:60,(anonymous_7)
FN:62,(anonymous_8)
FN:65,(anonymous_9)
FN:72,(anonymous_10)
FN:79,(anonymous_11)
FNF:12
FNH:1
FNDA:2,(anonymous_0)
FNDA:0,(anonymous_1)
FNDA:0,(anonymous_2)
FNDA:0,(anonymous_3)
FNDA:0,(anonymous_4)
FNDA:0,(anonymous_5)
FNDA:0,(anonymous_6)
FNDA:0,(anonymous_7)
FNDA:0,(anonymous_8)
FNDA:0,(anonymous_9)
FNDA:0,(anonymous_10)
FNDA:0,(anonymous_11)
DA:8,4
DA:9,2
DA:10,1
DA:11,1
DA:12,1
DA:13,1
DA:15,1
DA:16,0
DA:19,1
DA:20,0
DA:21,0
DA:24,1
DA:25,1
DA:26,0
DA:28,1
DA:32,1
DA:33,0
DA:37,1
DA:38,0
DA:39,0
DA:42,1
DA:43,0
DA:44,0
DA:47,0
DA:48,0
DA:51,1
DA:53,0
DA:57,0
DA:60,1
DA:61,0
DA:62,0
DA:63,0
DA:65,0
DA:66,0
DA:68,0
DA:69,0
DA:72,1
DA:73,0
DA:74,0
DA:75,0
DA:79,1
DA:80,0
DA:81,0
DA:85,1
LF:44
LH:19
BRDA:25,0,0,0
BRDA:25,0,1,1
BRDA:29,1,0,0
BRDA:29,1,1,1
BRDA:73,2,0,0
BRDA:73,2,1,0
BRDA:80,3,0,0
BRDA:80,3,1,0
BRDA:97,4,0,0
BRDA:97,4,1,1
BRF:10
BRH:3
end_of_record
TN:
SF:src\components\Modal\Modal.tsx
FN:7,(anonymous_0)
FN:11,(anonymous_1)
FN:14,(anonymous_2)
FNF:3
FNH:1
FNDA:4,(anonymous_0)
FNDA:0,(anonymous_1)
FNDA:0,(anonymous_2)
DA:7,5
DA:8,4
DA:10,3
DA:11,0
DA:14,0
LF:5
LH:3
BRDA:11,0,0,0
BRDA:11,0,1,0
BRDA:11,1,0,0
BRDA:11,1,1,3
BRDA:12,2,0,0
BRDA:12,2,1,3
BRF:6
BRH:2
end_of_record
