{"I:\\Karina\\GitKarina\\react-components\\react-hooks\\src\\components\\App.tsx": {"path":"I:\\Karina\\GitKarina\\react-components\\react-hooks\\src\\components\\App.tsx","statementMap":{"0":{"start":{"line":10,"column":27},"end":{"line":10,"column":30}},"1":{"start":{"line":11,"column":25},"end":{"line":11,"column":33}},"2":{"start":{"line":12,"column":24},"end":{"line":12,"column":31}},"3":{"start":{"line":13,"column":25},"end":{"line":13,"column":28}},"4":{"start":{"line":17,"column":4},"end":{"line":26,"column":6}}},"fnMap":{"0":{"name":"App","decl":{"start":{"line":16,"column":24},"end":{"line":16,"column":27}},"loc":{"start":{"line":16,"column":43},"end":{"line":27,"column":1}},"line":16}},"branchMap":{},"s":{"0":4,"1":4,"2":4,"3":4,"4":0},"f":{"0":0},"b":{},"_coverageSchema":"1a1c01bbd47fc00a2c39e90264f33305004495a9","hash":"15add0f0a7160dc726aa5103dde36d354303e3b8"}
,"I:\\Karina\\GitKarina\\react-components\\react-hooks\\src\\components\\cards.ts": {"path":"I:\\Karina\\GitKarina\\react-components\\react-hooks\\src\\components\\cards.ts","statementMap":{"0":{"start":{"line":21,"column":41},"end":{"line":145,"column":1}}},"fnMap":{},"branchMap":{},"s":{"0":5},"f":{},"b":{},"_coverageSchema":"1a1c01bbd47fc00a2c39e90264f33305004495a9","hash":"61e23b6614e66bb72272f84166e4150a362bba90"}
,"I:\\Karina\\GitKarina\\react-components\\react-hooks\\src\\components\\AboutPage\\AboutPage.tsx": {"path":"I:\\Karina\\GitKarina\\react-components\\react-hooks\\src\\components\\AboutPage\\AboutPage.tsx","statementMap":{"0":{"start":{"line":7,"column":2},"end":{"line":15,"column":4}}},"fnMap":{"0":{"name":"AboutPage","decl":{"start":{"line":6,"column":24},"end":{"line":6,"column":33}},"loc":{"start":{"line":6,"column":49},"end":{"line":16,"column":1}},"line":6}},"branchMap":{},"s":{"0":1},"f":{"0":1},"b":{},"_coverageSchema":"1a1c01bbd47fc00a2c39e90264f33305004495a9","hash":"309553d0e6daa9c905de9ff099080bb82be46f86"}
,"I:\\Karina\\GitKarina\\react-components\\react-hooks\\src\\components\\Card\\Card.tsx": {"path":"I:\\Karina\\GitKarina\\react-components\\react-hooks\\src\\components\\Card\\Card.tsx","statementMap":{"0":{"start":{"line":6,"column":2},"end":{"line":14,"column":4}}},"fnMap":{"0":{"name":"Card","decl":{"start":{"line":5,"column":16},"end":{"line":5,"column":20}},"loc":{"start":{"line":5,"column":48},"end":{"line":16,"column":1}},"line":5}},"branchMap":{},"s":{"0":32},"f":{"0":32},"b":{},"_coverageSchema":"1a1c01bbd47fc00a2c39e90264f33305004495a9","hash":"90d579966c4275f59e358724ce731f868b0e7350"}
,"I:\\Karina\\GitKarina\\react-components\\react-hooks\\src\\components\\CardForm\\CardForm.tsx": {"path":"I:\\Karina\\GitKarina\\react-components\\react-hooks\\src\\components\\CardForm\\CardForm.tsx","statementMap":{"0":{"start":{"line":6,"column":2},"end":{"line":16,"column":4}}},"fnMap":{"0":{"name":"CardForm","decl":{"start":{"line":5,"column":16},"end":{"line":5,"column":24}},"loc":{"start":{"line":5,"column":56},"end":{"line":17,"column":1}},"line":5}},"branchMap":{"0":{"loc":{"start":{"line":12,"column":41},"end":{"line":12,"column":80}},"type":"cond-expr","locations":[{"start":{"line":12,"column":68},"end":{"line":12,"column":73}},{"start":{"line":12,"column":76},"end":{"line":12,"column":80}}],"line":12}},"s":{"0":1},"f":{"0":1},"b":{"0":[0,1]},"_coverageSchema":"1a1c01bbd47fc00a2c39e90264f33305004495a9","hash":"2f4d9195950815e25693923b0b18248b65437e59"}
,"I:\\Karina\\GitKarina\\react-components\\react-hooks\\src\\components\\Cards\\Cards.tsx": {"path":"I:\\Karina\\GitKarina\\react-components\\react-hooks\\src\\components\\Cards\\Cards.tsx","statementMap":{"0":{"start":{"line":9,"column":19},"end":{"line":23,"column":3}},"1":{"start":{"line":10,"column":4},"end":{"line":22,"column":6}},"2":{"start":{"line":12,"column":8},"end":{"line":20,"column":10}},"3":{"start":{"line":25,"column":2},"end":{"line":28,"column":12}}},"fnMap":{"0":{"name":"Cards","decl":{"start":{"line":7,"column":16},"end":{"line":7,"column":21}},"loc":{"start":{"line":7,"column":37},"end":{"line":29,"column":1}},"line":7},"1":{"name":"(anonymous_1)","decl":{"start":{"line":9,"column":19},"end":{"line":9,"column":20}},"loc":{"start":{"line":9,"column":25},"end":{"line":23,"column":3}},"line":9},"2":{"name":"(anonymous_2)","decl":{"start":{"line":11,"column":21},"end":{"line":11,"column":22}},"loc":{"start":{"line":12,"column":8},"end":{"line":20,"column":10}},"line":12}},"branchMap":{},"s":{"0":2,"1":2,"2":30,"3":2},"f":{"0":2,"1":2,"2":30},"b":{},"_coverageSchema":"1a1c01bbd47fc00a2c39e90264f33305004495a9","hash":"967b1dc4d71fc68f3e336613be18014c3f9d171a"}
,"I:\\Karina\\GitKarina\\react-components\\react-hooks\\src\\components\\ErrorPage\\ErrorPage.tsx": {"path":"I:\\Karina\\GitKarina\\react-components\\react-hooks\\src\\components\\ErrorPage\\ErrorPage.tsx","statementMap":{"0":{"start":{"line":5,"column":4},"end":{"line":10,"column":6}}},"fnMap":{"0":{"name":"ErrorPage","decl":{"start":{"line":4,"column":24},"end":{"line":4,"column":33}},"loc":{"start":{"line":4,"column":49},"end":{"line":11,"column":1}},"line":4}},"branchMap":{},"s":{"0":1},"f":{"0":1},"b":{},"_coverageSchema":"1a1c01bbd47fc00a2c39e90264f33305004495a9","hash":"28276b85e79b9bd8c4d65bd8dba18fc785697669"}
,"I:\\Karina\\GitKarina\\react-components\\react-hooks\\src\\components\\Form\\Form.tsx": {"path":"I:\\Karina\\GitKarina\\react-components\\react-hooks\\src\\components\\Form\\Form.tsx","statementMap":{"0":{"start":{"line":10,"column":36},"end":{"line":10,"column":48}},"1":{"start":{"line":12,"column":24},"end":{"line":33,"column":3}},"2":{"start":{"line":13,"column":20},"end":{"line":20,"column":5}},"3":{"start":{"line":21,"column":4},"end":{"line":21,"column":42}},"4":{"start":{"line":22,"column":4},"end":{"line":32,"column":7}},"5":{"start":{"line":35,"column":19},"end":{"line":51,"column":3}},"6":{"start":{"line":36,"column":4},"end":{"line":50,"column":6}},"7":{"start":{"line":39,"column":10},"end":{"line":47,"column":12}},"8":{"start":{"line":53,"column":76},"end":{"line":55,"column":4}},"9":{"start":{"line":56,"column":29},"end":{"line":56,"column":66}},"10":{"start":{"line":56,"column":47},"end":{"line":56,"column":66}},"11":{"start":{"line":57,"column":22},"end":{"line":57,"column":45}},"12":{"start":{"line":59,"column":26},"end":{"line":66,"column":3}},"13":{"start":{"line":68,"column":24},"end":{"line":72,"column":3}},"14":{"start":{"line":75,"column":2},"end":{"line":140,"column":4}},"15":{"start":{"line":100,"column":12},"end":{"line":100,"column":76}}},"fnMap":{"0":{"name":"Form","decl":{"start":{"line":9,"column":16},"end":{"line":9,"column":20}},"loc":{"start":{"line":9,"column":36},"end":{"line":141,"column":1}},"line":9},"1":{"name":"(anonymous_1)","decl":{"start":{"line":12,"column":24},"end":{"line":12,"column":25}},"loc":{"start":{"line":12,"column":45},"end":{"line":33,"column":3}},"line":12},"2":{"name":"(anonymous_2)","decl":{"start":{"line":35,"column":19},"end":{"line":35,"column":20}},"loc":{"start":{"line":35,"column":25},"end":{"line":51,"column":3}},"line":35},"3":{"name":"(anonymous_3)","decl":{"start":{"line":38,"column":23},"end":{"line":38,"column":24}},"loc":{"start":{"line":39,"column":10},"end":{"line":47,"column":12}},"line":39},"4":{"name":"(anonymous_4)","decl":{"start":{"line":56,"column":29},"end":{"line":56,"column":30}},"loc":{"start":{"line":56,"column":47},"end":{"line":56,"column":66}},"line":56},"5":{"name":"(anonymous_5)","decl":{"start":{"line":57,"column":22},"end":{"line":57,"column":23}},"loc":{"start":{"line":57,"column":42},"end":{"line":57,"column":45}},"line":57},"6":{"name":"(anonymous_6)","decl":{"start":{"line":99,"column":18},"end":{"line":99,"column":19}},"loc":{"start":{"line":100,"column":12},"end":{"line":100,"column":76}},"line":100}},"branchMap":{"0":{"loc":{"start":{"line":83,"column":11},"end":{"line":83,"column":46}},"type":"binary-expr","locations":[{"start":{"line":83,"column":11},"end":{"line":83,"column":23}},{"start":{"line":83,"column":27},"end":{"line":83,"column":46}}],"line":83},"1":{"loc":{"start":{"line":91,"column":11},"end":{"line":91,"column":46}},"type":"binary-expr","locations":[{"start":{"line":91,"column":11},"end":{"line":91,"column":23}},{"start":{"line":91,"column":27},"end":{"line":91,"column":46}}],"line":91},"2":{"loc":{"start":{"line":104,"column":11},"end":{"line":104,"column":52}},"type":"binary-expr","locations":[{"start":{"line":104,"column":11},"end":{"line":104,"column":26}},{"start":{"line":104,"column":30},"end":{"line":104,"column":52}}],"line":104},"3":{"loc":{"start":{"line":112,"column":11},"end":{"line":112,"column":56}},"type":"binary-expr","locations":[{"start":{"line":112,"column":11},"end":{"line":112,"column":28}},{"start":{"line":112,"column":32},"end":{"line":112,"column":56}}],"line":112},"4":{"loc":{"start":{"line":124,"column":11},"end":{"line":124,"column":50}},"type":"binary-expr","locations":[{"start":{"line":124,"column":11},"end":{"line":124,"column":25}},{"start":{"line":124,"column":29},"end":{"line":124,"column":50}}],"line":124},"5":{"loc":{"start":{"line":132,"column":11},"end":{"line":132,"column":48}},"type":"binary-expr","locations":[{"start":{"line":132,"column":11},"end":{"line":132,"column":24}},{"start":{"line":132,"column":28},"end":{"line":132,"column":48}}],"line":132}},"s":{"0":6,"1":5,"2":0,"3":0,"4":0,"5":5,"6":5,"7":0,"8":5,"9":5,"10":0,"11":5,"12":5,"13":5,"14":5,"15":5},"f":{"0":6,"1":0,"2":5,"3":0,"4":0,"5":1,"6":5},"b":{"0":[5,1],"1":[5,1],"2":[5,1],"3":[5,1],"4":[5,1],"5":[5,1]},"_coverageSchema":"1a1c01bbd47fc00a2c39e90264f33305004495a9","hash":"d967ba80619016d871f8c22d14df2f588954611c"}
,"I:\\Karina\\GitKarina\\react-components\\react-hooks\\src\\components\\FormPage\\FormPage.tsx": {"path":"I:\\Karina\\GitKarina\\react-components\\react-hooks\\src\\components\\FormPage\\FormPage.tsx","statementMap":{"0":{"start":{"line":7,"column":2},"end":{"line":15,"column":4}}},"fnMap":{"0":{"name":"FormPage","decl":{"start":{"line":6,"column":24},"end":{"line":6,"column":32}},"loc":{"start":{"line":6,"column":48},"end":{"line":16,"column":1}},"line":6}},"branchMap":{},"s":{"0":1},"f":{"0":1},"b":{},"_coverageSchema":"1a1c01bbd47fc00a2c39e90264f33305004495a9","hash":"3faf9c8e43a21fca7f54a7318908c5284bdde9d3"}
,"I:\\Karina\\GitKarina\\react-components\\react-hooks\\src\\components\\Header\\Header.tsx": {"path":"I:\\Karina\\GitKarina\\react-components\\react-hooks\\src\\components\\Header\\Header.tsx","statementMap":{"0":{"start":{"line":8,"column":19},"end":{"line":8,"column":32}},"1":{"start":{"line":9,"column":30},"end":{"line":9,"column":42}},"2":{"start":{"line":10,"column":21},"end":{"line":10,"column":41}},"3":{"start":{"line":11,"column":22},"end":{"line":11,"column":63}},"4":{"start":{"line":11,"column":28},"end":{"line":11,"column":63}},"5":{"start":{"line":12,"column":21},"end":{"line":12,"column":64}},"6":{"start":{"line":12,"column":27},"end":{"line":12,"column":64}},"7":{"start":{"line":13,"column":21},"end":{"line":13,"column":61}},"8":{"start":{"line":13,"column":27},"end":{"line":13,"column":61}},"9":{"start":{"line":14,"column":16},"end":{"line":14,"column":23}},"10":{"start":{"line":15,"column":15},"end":{"line":15,"column":21}},"11":{"start":{"line":16,"column":15},"end":{"line":16,"column":21}},"12":{"start":{"line":17,"column":14},"end":{"line":17,"column":17}},"13":{"start":{"line":19,"column":2},"end":{"line":31,"column":5}},"14":{"start":{"line":20,"column":4},"end":{"line":30,"column":5}},"15":{"start":{"line":22,"column":8},"end":{"line":22,"column":25}},"16":{"start":{"line":23,"column":8},"end":{"line":23,"column":14}},"17":{"start":{"line":25,"column":8},"end":{"line":25,"column":24}},"18":{"start":{"line":26,"column":8},"end":{"line":26,"column":14}},"19":{"start":{"line":28,"column":8},"end":{"line":28,"column":24}},"20":{"start":{"line":29,"column":8},"end":{"line":29,"column":14}},"21":{"start":{"line":34,"column":2},"end":{"line":51,"column":4}},"22":{"start":{"line":38,"column":96},"end":{"line":38,"column":117}},"23":{"start":{"line":41,"column":96},"end":{"line":41,"column":114}},"24":{"start":{"line":44,"column":97},"end":{"line":44,"column":116}}},"fnMap":{"0":{"name":"Header","decl":{"start":{"line":7,"column":16},"end":{"line":7,"column":22}},"loc":{"start":{"line":7,"column":38},"end":{"line":52,"column":1}},"line":7},"1":{"name":"(anonymous_1)","decl":{"start":{"line":11,"column":22},"end":{"line":11,"column":23}},"loc":{"start":{"line":11,"column":28},"end":{"line":11,"column":63}},"line":11},"2":{"name":"(anonymous_2)","decl":{"start":{"line":12,"column":21},"end":{"line":12,"column":22}},"loc":{"start":{"line":12,"column":27},"end":{"line":12,"column":64}},"line":12},"3":{"name":"(anonymous_3)","decl":{"start":{"line":13,"column":21},"end":{"line":13,"column":22}},"loc":{"start":{"line":13,"column":27},"end":{"line":13,"column":61}},"line":13},"4":{"name":"(anonymous_4)","decl":{"start":{"line":19,"column":12},"end":{"line":19,"column":13}},"loc":{"start":{"line":19,"column":18},"end":{"line":31,"column":3}},"line":19},"5":{"name":"(anonymous_5)","decl":{"start":{"line":38,"column":90},"end":{"line":38,"column":91}},"loc":{"start":{"line":38,"column":96},"end":{"line":38,"column":117}},"line":38},"6":{"name":"(anonymous_6)","decl":{"start":{"line":41,"column":90},"end":{"line":41,"column":91}},"loc":{"start":{"line":41,"column":96},"end":{"line":41,"column":114}},"line":41},"7":{"name":"(anonymous_7)","decl":{"start":{"line":44,"column":91},"end":{"line":44,"column":92}},"loc":{"start":{"line":44,"column":97},"end":{"line":44,"column":116}},"line":44}},"branchMap":{"0":{"loc":{"start":{"line":20,"column":4},"end":{"line":30,"column":5}},"type":"switch","locations":[{"start":{"line":21,"column":6},"end":{"line":23,"column":14}},{"start":{"line":24,"column":6},"end":{"line":26,"column":14}},{"start":{"line":27,"column":6},"end":{"line":29,"column":14}}],"line":20},"1":{"loc":{"start":{"line":38,"column":55},"end":{"line":38,"column":77}},"type":"cond-expr","locations":[{"start":{"line":38,"column":70},"end":{"line":38,"column":73}},{"start":{"line":38,"column":76},"end":{"line":38,"column":77}}],"line":38},"2":{"loc":{"start":{"line":41,"column":55},"end":{"line":41,"column":77}},"type":"cond-expr","locations":[{"start":{"line":41,"column":70},"end":{"line":41,"column":73}},{"start":{"line":41,"column":76},"end":{"line":41,"column":77}}],"line":41},"3":{"loc":{"start":{"line":44,"column":55},"end":{"line":44,"column":78}},"type":"cond-expr","locations":[{"start":{"line":44,"column":71},"end":{"line":44,"column":74}},{"start":{"line":44,"column":77},"end":{"line":44,"column":78}}],"line":44}},"s":{"0":3,"1":3,"2":3,"3":3,"4":3,"5":3,"6":3,"7":3,"8":3,"9":3,"10":3,"11":3,"12":3,"13":3,"14":3,"15":0,"16":0,"17":0,"18":0,"19":0,"20":0,"21":3,"22":0,"23":0,"24":0},"f":{"0":3,"1":3,"2":3,"3":3,"4":3,"5":0,"6":0,"7":0},"b":{"0":[0,0,0],"1":[0,3],"2":[0,3],"3":[0,3]},"_coverageSchema":"1a1c01bbd47fc00a2c39e90264f33305004495a9","hash":"f9e04dfd69e3c9b332e50b1ffeb8a708aff3fa96"}
,"I:\\Karina\\GitKarina\\react-components\\react-hooks\\src\\components\\MainPage\\MainPage.tsx": {"path":"I:\\Karina\\GitKarina\\react-components\\react-hooks\\src\\components\\MainPage\\MainPage.tsx","statementMap":{"0":{"start":{"line":9,"column":2},"end":{"line":15,"column":4}}},"fnMap":{"0":{"name":"MainPage","decl":{"start":{"line":8,"column":24},"end":{"line":8,"column":32}},"loc":{"start":{"line":8,"column":48},"end":{"line":16,"column":1}},"line":8}},"branchMap":{},"s":{"0":1},"f":{"0":1},"b":{},"_coverageSchema":"1a1c01bbd47fc00a2c39e90264f33305004495a9","hash":"209be3dfa894512bcec576abb1295a33cec638c5"}
,"I:\\Karina\\GitKarina\\react-components\\react-hooks\\src\\components\\Search\\Search.tsx": {"path":"I:\\Karina\\GitKarina\\react-components\\react-hooks\\src\\components\\Search\\Search.tsx","statementMap":{"0":{"start":{"line":6,"column":21},"end":{"line":6,"column":50}},"1":{"start":{"line":7,"column":2},"end":{"line":9,"column":3}},"2":{"start":{"line":8,"column":4},"end":{"line":8,"column":44}},"3":{"start":{"line":10,"column":40},"end":{"line":10,"column":82}},"4":{"start":{"line":12,"column":21},"end":{"line":15,"column":3}},"5":{"start":{"line":13,"column":4},"end":{"line":13,"column":35}},"6":{"start":{"line":14,"column":4},"end":{"line":14,"column":66}},"7":{"start":{"line":17,"column":2},"end":{"line":22,"column":4}}},"fnMap":{"0":{"name":"Search","decl":{"start":{"line":5,"column":16},"end":{"line":5,"column":22}},"loc":{"start":{"line":5,"column":38},"end":{"line":23,"column":1}},"line":5},"1":{"name":"(anonymous_1)","decl":{"start":{"line":12,"column":21},"end":{"line":12,"column":22}},"loc":{"start":{"line":12,"column":65},"end":{"line":15,"column":3}},"line":12}},"branchMap":{"0":{"loc":{"start":{"line":7,"column":2},"end":{"line":9,"column":3}},"type":"if","locations":[{"start":{"line":7,"column":2},"end":{"line":9,"column":3}},{"start":{},"end":{}}],"line":7},"1":{"loc":{"start":{"line":10,"column":49},"end":{"line":10,"column":81}},"type":"cond-expr","locations":[{"start":{"line":10,"column":64},"end":{"line":10,"column":76}},{"start":{"line":10,"column":79},"end":{"line":10,"column":81}}],"line":10}},"s":{"0":2,"1":2,"2":0,"3":2,"4":2,"5":0,"6":0,"7":2},"f":{"0":2,"1":0},"b":{"0":[0,2],"1":[0,2]},"_coverageSchema":"1a1c01bbd47fc00a2c39e90264f33305004495a9","hash":"acdad04b9572f8b11253205c1925b62b573300cd"}
}
