TN:
SF:src\components\App.tsx
FN:16,App
FNF:1
FNH:0
FNDA:0,App
DA:10,4
DA:11,4
DA:12,4
DA:13,4
DA:17,0
LF:5
LH:4
BRF:0
BRH:0
end_of_record
TN:
SF:src\components\cards.ts
FNF:0
FNH:0
DA:21,5
LF:1
LH:1
BRF:0
BRH:0
end_of_record
TN:
SF:src\components\AboutPage\AboutPage.tsx
FN:6,AboutPage
FNF:1
FNH:1
FNDA:1,AboutPage
DA:7,1
LF:1
LH:1
BRF:0
BRH:0
end_of_record
TN:
SF:src\components\Card\Card.tsx
FN:5,Card
FNF:1
FNH:1
FNDA:32,Card
DA:6,32
LF:1
LH:1
BRF:0
BRH:0
end_of_record
TN:
SF:src\components\CardForm\CardForm.tsx
FN:5,CardForm
FNF:1
FNH:1
FNDA:1,CardForm
DA:6,1
LF:1
LH:1
BRDA:12,0,0,0
BRDA:12,0,1,1
BRF:2
BRH:1
end_of_record
TN:
SF:src\components\Cards\Cards.tsx
FN:7,Cards
FN:9,(anonymous_1)
FN:11,(anonymous_2)
FNF:3
FNH:3
FNDA:2,Cards
FNDA:2,(anonymous_1)
FNDA:30,(anonymous_2)
DA:9,2
DA:10,2
DA:12,30
DA:25,2
LF:4
LH:4
BRF:0
BRH:0
end_of_record
TN:
SF:src\components\ErrorPage\ErrorPage.tsx
FN:4,ErrorPage
FNF:1
FNH:1
FNDA:1,ErrorPage
DA:5,1
LF:1
LH:1
BRF:0
BRH:0
end_of_record
TN:
SF:src\components\Form\Form.tsx
FN:9,Form
FN:12,(anonymous_1)
FN:35,(anonymous_2)
FN:38,(anonymous_3)
FN:56,(anonymous_4)
FN:57,(anonymous_5)
FN:99,(anonymous_6)
FNF:7
FNH:4
FNDA:6,Form
FNDA:0,(anonymous_1)
FNDA:5,(anonymous_2)
FNDA:0,(anonymous_3)
FNDA:0,(anonymous_4)
FNDA:1,(anonymous_5)
FNDA:5,(anonymous_6)
DA:10,6
DA:12,5
DA:13,0
DA:21,0
DA:22,0
DA:35,5
DA:36,5
DA:39,0
DA:53,5
DA:56,5
DA:57,5
DA:59,5
DA:68,5
DA:75,5
DA:100,5
LF:15
LH:11
BRDA:83,0,0,5
BRDA:83,0,1,1
BRDA:91,1,0,5
BRDA:91,1,1,1
BRDA:104,2,0,5
BRDA:104,2,1,1
BRDA:112,3,0,5
BRDA:112,3,1,1
BRDA:124,4,0,5
BRDA:124,4,1,1
BRDA:132,5,0,5
BRDA:132,5,1,1
BRF:12
BRH:12
end_of_record
TN:
SF:src\components\FormPage\FormPage.tsx
FN:6,FormPage
FNF:1
FNH:1
FNDA:1,FormPage
DA:7,1
LF:1
LH:1
BRF:0
BRH:0
end_of_record
TN:
SF:src\components\Header\Header.tsx
FN:7,Header
FN:11,(anonymous_1)
FN:12,(anonymous_2)
FN:13,(anonymous_3)
FN:19,(anonymous_4)
FN:38,(anonymous_5)
FN:41,(anonymous_6)
FN:44,(anonymous_7)
FNF:8
FNH:5
FNDA:3,Header
FNDA:3,(anonymous_1)
FNDA:3,(anonymous_2)
FNDA:3,(anonymous_3)
FNDA:3,(anonymous_4)
FNDA:0,(anonymous_5)
FNDA:0,(anonymous_6)
FNDA:0,(anonymous_7)
DA:8,3
DA:9,3
DA:10,3
DA:11,3
DA:12,3
DA:13,3
DA:14,3
DA:15,3
DA:16,3
DA:17,3
DA:19,3
DA:20,3
DA:22,0
DA:23,0
DA:25,0
DA:26,0
DA:28,0
DA:29,0
DA:34,3
DA:38,0
DA:41,0
DA:44,0
LF:22
LH:13
BRDA:20,0,0,0
BRDA:20,0,1,0
BRDA:20,0,2,0
BRDA:38,1,0,0
BRDA:38,1,1,3
BRDA:41,2,0,0
BRDA:41,2,1,3
BRDA:44,3,0,0
BRDA:44,3,1,3
BRF:9
BRH:3
end_of_record
TN:
SF:src\components\MainPage\MainPage.tsx
FN:8,MainPage
FNF:1
FNH:1
FNDA:1,MainPage
DA:9,1
LF:1
LH:1
BRF:0
BRH:0
end_of_record
TN:
SF:src\components\Search\Search.tsx
FN:5,Search
FN:12,(anonymous_1)
FNF:2
FNH:1
FNDA:2,Search
FNDA:0,(anonymous_1)
DA:6,2
DA:7,2
DA:8,0
DA:10,2
DA:12,2
DA:13,0
DA:14,0
DA:17,2
LF:8
LH:5
BRDA:7,0,0,0
BRDA:7,0,1,2
BRDA:10,1,0,0
BRDA:10,1,1,2
BRF:4
BRH:2
end_of_record
