TN:
SF:src\components\App.tsx
FN:16,(anonymous_0)
FNF:1
FNH:0
FNDA:0,(anonymous_0)
DA:10,4
DA:11,4
DA:12,4
DA:13,4
DA:16,4
DA:17,0
LF:6
LH:5
BRF:0
BRH:0
end_of_record
TN:
SF:src\components\AboutPage\AboutPage.tsx
FN:5,(anonymous_0)
FNF:1
FNH:1
FNDA:1,(anonymous_0)
DA:5,4
DA:6,1
LF:2
LH:2
BRF:0
BRH:0
end_of_record
TN:
SF:src\components\CardForm\CardForm.tsx
FN:5,(anonymous_0)
FNF:1
FNH:1
FNDA:1,(anonymous_0)
DA:5,6
DA:6,1
LF:2
LH:2
BRDA:12,0,0,0
BRDA:12,0,1,1
BRF:2
BRH:1
end_of_record
TN:
SF:src\components\Cards\Cards.tsx
FN:6,(anonymous_0)
FN:9,(anonymous_1)
FN:16,(anonymous_2)
FN:18,(anonymous_3)
FNF:4
FNH:2
FNDA:3,(anonymous_0)
FNDA:0,(anonymous_1)
FNDA:2,(anonymous_2)
FNDA:0,(anonymous_3)
DA:6,5
DA:7,3
DA:9,3
DA:10,0
DA:14,3
DA:17,2
DA:18,0
LF:7
LH:5
BRF:0
BRH:0
end_of_record
TN:
SF:src\components\ErrorPage\ErrorPage.tsx
FN:4,(anonymous_0)
FNF:1
FNH:1
FNDA:1,(anonymous_0)
DA:4,5
DA:5,1
LF:2
LH:2
BRF:0
BRH:0
end_of_record
TN:
SF:src\components\Form\Form.tsx
FN:11,(anonymous_0)
FN:12,(anonymous_1)
FN:16,(anonymous_2)
FN:39,(anonymous_3)
FN:42,(anonymous_4)
FN:60,(anonymous_5)
FN:61,(anonymous_6)
FN:109,(anonymous_7)
FNF:8
FNH:5
FNDA:6,(anonymous_0)
FNDA:5,(anonymous_1)
FNDA:0,(anonymous_2)
FNDA:5,(anonymous_3)
FNDA:0,(anonymous_4)
FNDA:0,(anonymous_5)
FNDA:1,(anonymous_6)
FNDA:5,(anonymous_7)
DA:11,5
DA:12,6
DA:13,5
DA:14,5
DA:16,5
DA:17,0
DA:25,0
DA:26,0
DA:39,5
DA:40,5
DA:43,0
DA:57,5
DA:60,5
DA:61,5
DA:63,5
DA:78,5
DA:85,5
DA:110,5
LF:18
LH:14
BRDA:93,0,0,5
BRDA:93,0,1,1
BRDA:101,1,0,5
BRDA:101,1,1,1
BRDA:114,2,0,5
BRDA:114,2,1,1
BRDA:122,3,0,5
BRDA:122,3,1,1
BRDA:134,4,0,5
BRDA:134,4,1,1
BRDA:142,5,0,5
BRDA:142,5,1,1
BRF:12
BRH:12
end_of_record
TN:
SF:src\components\FormPage\FormPage.tsx
FN:6,(anonymous_0)
FNF:1
FNH:1
FNDA:1,(anonymous_0)
DA:6,4
DA:7,1
LF:2
LH:2
BRF:0
BRH:0
end_of_record
TN:
SF:src\components\Header\Header.tsx
FN:7,(anonymous_0)
FN:11,(anonymous_1)
FN:12,(anonymous_2)
FN:13,(anonymous_3)
FN:19,(anonymous_4)
FN:38,(anonymous_5)
FN:41,(anonymous_6)
FN:44,(anonymous_7)
FNF:8
FNH:5
FNDA:6,(anonymous_0)
FNDA:6,(anonymous_1)
FNDA:6,(anonymous_2)
FNDA:6,(anonymous_3)
FNDA:6,(anonymous_4)
FNDA:0,(anonymous_5)
FNDA:0,(anonymous_6)
FNDA:0,(anonymous_7)
DA:7,4
DA:8,6
DA:9,6
DA:10,6
DA:11,6
DA:12,6
DA:13,6
DA:14,6
DA:15,6
DA:16,6
DA:17,6
DA:19,6
DA:20,6
DA:22,0
DA:23,0
DA:25,0
DA:26,0
DA:28,0
DA:29,0
DA:34,6
DA:38,0
DA:41,0
DA:44,0
LF:23
LH:14
BRDA:20,0,0,0
BRDA:20,0,1,0
BRDA:20,0,2,0
BRDA:38,1,0,0
BRDA:38,1,1,6
BRDA:41,2,0,0
BRDA:41,2,1,6
BRDA:44,3,0,0
BRDA:44,3,1,6
BRF:9
BRH:3
end_of_record
TN:
SF:src\components\MainPage\MainPage.tsx
FN:14,(anonymous_0)
FN:15,(anonymous_1)
FN:17,(anonymous_2)
FN:24,(anonymous_3)
FN:30,(anonymous_4)
FN:36,(anonymous_5)
FN:40,(anonymous_6)
FN:45,(anonymous_7)
FNF:8
FNH:4
FNDA:2,(anonymous_0)
FNDA:3,(anonymous_1)
FNDA:3,(anonymous_2)
FNDA:0,(anonymous_3)
FNDA:0,(anonymous_4)
FNDA:0,(anonymous_5)
FNDA:1,(anonymous_6)
FNDA:0,(anonymous_7)
DA:14,4
DA:15,3
DA:17,3
DA:18,2
DA:19,2
DA:21,2
DA:22,2
DA:24,2
DA:25,0
DA:26,0
DA:27,0
DA:30,2
DA:31,0
DA:32,0
DA:33,0
DA:36,2
DA:37,0
DA:40,2
DA:41,1
DA:42,1
DA:45,2
DA:46,0
DA:47,0
DA:51,2
LF:24
LH:15
BRDA:46,0,0,0
BRDA:46,0,1,0
BRDA:63,1,0,2
BRDA:63,1,1,1
BRDA:64,2,0,2
BRDA:64,2,1,0
BRF:6
BRH:3
end_of_record
TN:
SF:src\components\Modal\Modal.tsx
FN:6,(anonymous_0)
FN:12,(anonymous_1)
FNF:2
FNH:1
FNDA:2,(anonymous_0)
FNDA:0,(anonymous_1)
DA:6,4
DA:7,2
DA:9,2
DA:12,0
LF:4
LH:3
BRDA:12,0,0,0
BRDA:12,0,1,0
BRDA:13,1,0,0
BRDA:13,1,1,2
BRDA:15,2,0,0
BRDA:15,2,1,2
BRDA:17,3,0,2
BRDA:17,3,1,0
BRF:8
BRH:3
end_of_record
TN:
SF:src\hook\redux.tsx
FN:4,(anonymous_0)
FNF:1
FNH:1
FNDA:7,(anonymous_0)
DA:4,7
DA:5,5
LF:2
LH:2
BRF:0
BRH:0
end_of_record
TN:
SF:src\store\store.tsx
FN:8,(anonymous_0)
FNF:1
FNH:1
FNDA:3,(anonymous_0)
DA:4,3
DA:8,3
DA:9,3
LF:3
LH:3
BRF:0
BRH:0
end_of_record
TN:
SF:src\store\reducers\ActionCreators.tsx
FN:7,(anonymous_0)
FN:21,(anonymous_1)
FN:35,(anonymous_2)
FNF:3
FNH:2
FNDA:1,(anonymous_0)
FNDA:1,(anonymous_1)
FNDA:0,(anonymous_2)
DA:5,5
DA:8,1
DA:9,1
DA:12,0
DA:14,0
DA:19,5
DA:22,1
DA:23,1
DA:26,0
DA:28,0
DA:33,5
DA:36,0
DA:37,0
DA:40,0
DA:42,0
LF:15
LH:7
BRF:0
BRH:0
end_of_record
TN:
SF:src\store\reducers\CardSlice.tsx
FN:31,(anonymous_0)
FN:34,(anonymous_1)
FN:39,(anonymous_2)
FN:44,(anonymous_3)
FN:47,(anonymous_4)
FN:52,(anonymous_5)
FN:60,(anonymous_6)
FN:63,(anonymous_7)
FN:71,(anonymous_8)
FN:76,(anonymous_9)
FN:79,(anonymous_10)
FNF:11
FNH:2
FNDA:0,(anonymous_0)
FNDA:0,(anonymous_1)
FNDA:0,(anonymous_2)
FNDA:1,(anonymous_3)
FNDA:0,(anonymous_4)
FNDA:0,(anonymous_5)
FNDA:1,(anonymous_6)
FNDA:0,(anonymous_7)
FNDA:0,(anonymous_8)
FNDA:0,(anonymous_9)
FNDA:0,(anonymous_10)
DA:16,5
DA:27,5
DA:32,0
DA:35,0
DA:40,0
DA:41,0
DA:42,0
DA:45,1
DA:48,0
DA:49,0
DA:56,0
DA:57,0
DA:58,0
DA:61,1
DA:67,0
DA:68,0
DA:72,0
DA:73,0
DA:74,0
DA:77,0
DA:80,0
DA:81,0
LF:22
LH:4
BRF:0
BRH:0
end_of_record
