{"I:\\Karina\\GitKarina\\react-components\\src\\components\\App.tsx": {"path":"I:\\Karina\\GitKarina\\react-components\\src\\components\\App.tsx","statementMap":{"0":{"start":{"line":10,"column":27},"end":{"line":10,"column":30}},"1":{"start":{"line":11,"column":25},"end":{"line":11,"column":33}},"2":{"start":{"line":12,"column":24},"end":{"line":12,"column":31}},"3":{"start":{"line":13,"column":25},"end":{"line":13,"column":28}},"4":{"start":{"line":17,"column":4},"end":{"line":26,"column":6}}},"fnMap":{"0":{"name":"App","decl":{"start":{"line":16,"column":24},"end":{"line":16,"column":27}},"loc":{"start":{"line":16,"column":43},"end":{"line":27,"column":1}},"line":16}},"branchMap":{},"s":{"0":4,"1":4,"2":4,"3":4,"4":0},"f":{"0":0},"b":{},"_coverageSchema":"1a1c01bbd47fc00a2c39e90264f33305004495a9","hash":"0d68aa7ab7f10b0314cfdd141675021ab74bd57c"}
,"I:\\Karina\\GitKarina\\react-components\\src\\components\\cards.ts": {"path":"I:\\Karina\\GitKarina\\react-components\\src\\components\\cards.ts","statementMap":{"0":{"start":{"line":22,"column":41},"end":{"line":146,"column":1}}},"fnMap":{},"branchMap":{},"s":{"0":5},"f":{},"b":{},"_coverageSchema":"1a1c01bbd47fc00a2c39e90264f33305004495a9","hash":"6d69428722c1ff10353da66f196c056fc36ef10b"}
,"I:\\Karina\\GitKarina\\react-components\\src\\components\\AboutPage\\AboutPage.tsx": {"path":"I:\\Karina\\GitKarina\\react-components\\src\\components\\AboutPage\\AboutPage.tsx","statementMap":{"0":{"start":{"line":7,"column":2},"end":{"line":16,"column":4}}},"fnMap":{"0":{"name":"AboutPage","decl":{"start":{"line":6,"column":24},"end":{"line":6,"column":33}},"loc":{"start":{"line":6,"column":49},"end":{"line":17,"column":1}},"line":6}},"branchMap":{},"s":{"0":1},"f":{"0":1},"b":{},"_coverageSchema":"1a1c01bbd47fc00a2c39e90264f33305004495a9","hash":"abb30f4be10928d1a766523d5d5c8475bb71cf9b"}
,"I:\\Karina\\GitKarina\\react-components\\src\\components\\Card\\Card.tsx": {"path":"I:\\Karina\\GitKarina\\react-components\\src\\components\\Card\\Card.tsx","statementMap":{"0":{"start":{"line":6,"column":2},"end":{"line":14,"column":4}}},"fnMap":{"0":{"name":"Card","decl":{"start":{"line":5,"column":16},"end":{"line":5,"column":20}},"loc":{"start":{"line":5,"column":48},"end":{"line":16,"column":1}},"line":5}},"branchMap":{},"s":{"0":32},"f":{"0":32},"b":{},"_coverageSchema":"1a1c01bbd47fc00a2c39e90264f33305004495a9","hash":"273592b635185ead96f8dd987edf9e48545620c9"}
,"I:\\Karina\\GitKarina\\react-components\\src\\components\\CardForm\\CardForm.tsx": {"path":"I:\\Karina\\GitKarina\\react-components\\src\\components\\CardForm\\CardForm.tsx","statementMap":{"0":{"start":{"line":6,"column":2},"end":{"line":17,"column":4}}},"fnMap":{"0":{"name":"CardForm","decl":{"start":{"line":5,"column":16},"end":{"line":5,"column":24}},"loc":{"start":{"line":5,"column":56},"end":{"line":18,"column":1}},"line":5}},"branchMap":{"0":{"loc":{"start":{"line":12,"column":41},"end":{"line":12,"column":87}},"type":"cond-expr","locations":[{"start":{"line":12,"column":75},"end":{"line":12,"column":80}},{"start":{"line":12,"column":83},"end":{"line":12,"column":87}}],"line":12},"1":{"loc":{"start":{"line":13,"column":36},"end":{"line":13,"column":77}},"type":"cond-expr","locations":[{"start":{"line":13,"column":65},"end":{"line":13,"column":70}},{"start":{"line":13,"column":73},"end":{"line":13,"column":77}}],"line":13},"2":{"loc":{"start":{"line":14,"column":38},"end":{"line":14,"column":81}},"type":"cond-expr","locations":[{"start":{"line":14,"column":69},"end":{"line":14,"column":74}},{"start":{"line":14,"column":77},"end":{"line":14,"column":81}}],"line":14}},"s":{"0":1},"f":{"0":1},"b":{"0":[0,1],"1":[0,1],"2":[0,1]},"_coverageSchema":"1a1c01bbd47fc00a2c39e90264f33305004495a9","hash":"987c2b6a5e7ca196ea28762477b71357d7784b26"}
,"I:\\Karina\\GitKarina\\react-components\\src\\components\\Cards\\Cards.tsx": {"path":"I:\\Karina\\GitKarina\\react-components\\src\\components\\Cards\\Cards.tsx","statementMap":{"0":{"start":{"line":9,"column":19},"end":{"line":23,"column":3}},"1":{"start":{"line":10,"column":4},"end":{"line":22,"column":6}},"2":{"start":{"line":12,"column":8},"end":{"line":20,"column":10}},"3":{"start":{"line":25,"column":2},"end":{"line":28,"column":12}}},"fnMap":{"0":{"name":"Cards","decl":{"start":{"line":7,"column":16},"end":{"line":7,"column":21}},"loc":{"start":{"line":7,"column":37},"end":{"line":29,"column":1}},"line":7},"1":{"name":"(anonymous_1)","decl":{"start":{"line":9,"column":19},"end":{"line":9,"column":20}},"loc":{"start":{"line":9,"column":25},"end":{"line":23,"column":3}},"line":9},"2":{"name":"(anonymous_2)","decl":{"start":{"line":11,"column":21},"end":{"line":11,"column":22}},"loc":{"start":{"line":12,"column":8},"end":{"line":20,"column":10}},"line":12}},"branchMap":{},"s":{"0":2,"1":2,"2":30,"3":2},"f":{"0":2,"1":2,"2":30},"b":{},"_coverageSchema":"1a1c01bbd47fc00a2c39e90264f33305004495a9","hash":"f95f18e1b30088a96b86717535e335b3d96a83fb"}
,"I:\\Karina\\GitKarina\\react-components\\src\\components\\ErrorPage\\ErrorPage.tsx": {"path":"I:\\Karina\\GitKarina\\react-components\\src\\components\\ErrorPage\\ErrorPage.tsx","statementMap":{"0":{"start":{"line":5,"column":4},"end":{"line":10,"column":6}}},"fnMap":{"0":{"name":"ErrorPage","decl":{"start":{"line":4,"column":24},"end":{"line":4,"column":33}},"loc":{"start":{"line":4,"column":49},"end":{"line":11,"column":1}},"line":4}},"branchMap":{},"s":{"0":1},"f":{"0":1},"b":{},"_coverageSchema":"1a1c01bbd47fc00a2c39e90264f33305004495a9","hash":"db413dcb3ada24c5aabcf84f49af6428cd4007c8"}
,"I:\\Karina\\GitKarina\\react-components\\src\\components\\Form\\Form.tsx": {"path":"I:\\Karina\\GitKarina\\react-components\\src\\components\\Form\\Form.tsx","statementMap":{"0":{"start":{"line":7,"column":20},"end":{"line":7,"column":22}},"1":{"start":{"line":8,"column":20},"end":{"line":8,"column":22}},"2":{"start":{"line":9,"column":23},"end":{"line":9,"column":25}},"3":{"start":{"line":10,"column":25},"end":{"line":10,"column":27}},"4":{"start":{"line":11,"column":22},"end":{"line":11,"column":24}},"5":{"start":{"line":12,"column":21},"end":{"line":12,"column":23}},"6":{"start":{"line":13,"column":17},"end":{"line":13,"column":94}},"7":{"start":{"line":15,"column":2},"end":{"line":17,"column":3}},"8":{"start":{"line":16,"column":4},"end":{"line":16,"column":49}},"9":{"start":{"line":18,"column":2},"end":{"line":20,"column":3}},"10":{"start":{"line":19,"column":4},"end":{"line":19,"column":47}},"11":{"start":{"line":21,"column":2},"end":{"line":23,"column":3}},"12":{"start":{"line":22,"column":4},"end":{"line":22,"column":43}},"13":{"start":{"line":24,"column":2},"end":{"line":26,"column":3}},"14":{"start":{"line":25,"column":4},"end":{"line":25,"column":51}},"15":{"start":{"line":27,"column":2},"end":{"line":29,"column":3}},"16":{"start":{"line":28,"column":4},"end":{"line":28,"column":104}},"17":{"start":{"line":30,"column":2},"end":{"line":32,"column":3}},"18":{"start":{"line":31,"column":4},"end":{"line":31,"column":59}},"19":{"start":{"line":33,"column":2},"end":{"line":35,"column":3}},"20":{"start":{"line":34,"column":4},"end":{"line":34,"column":40}},"21":{"start":{"line":36,"column":2},"end":{"line":36,"column":16}},"22":{"start":{"line":40,"column":26},"end":{"line":40,"column":71}},"23":{"start":{"line":41,"column":26},"end":{"line":41,"column":71}},"24":{"start":{"line":42,"column":32},"end":{"line":42,"column":77}},"25":{"start":{"line":43,"column":36},"end":{"line":43,"column":81}},"26":{"start":{"line":44,"column":26},"end":{"line":44,"column":71}},"27":{"start":{"line":45,"column":30},"end":{"line":45,"column":75}},"28":{"start":{"line":46,"column":28},"end":{"line":46,"column":84}},"29":{"start":{"line":47,"column":36},"end":{"line":47,"column":48}},"30":{"start":{"line":48,"column":30},"end":{"line":48,"column":42}},"31":{"start":{"line":50,"column":23},"end":{"line":87,"column":3}},"32":{"start":{"line":51,"column":4},"end":{"line":51,"column":27}},"33":{"start":{"line":53,"column":19},"end":{"line":61,"column":5}},"34":{"start":{"line":62,"column":4},"end":{"line":66,"column":5}},"35":{"start":{"line":64,"column":6},"end":{"line":64,"column":24}},"36":{"start":{"line":65,"column":6},"end":{"line":65,"column":13}},"37":{"start":{"line":68,"column":4},"end":{"line":68,"column":37}},"38":{"start":{"line":70,"column":17},"end":{"line":70,"column":40}},"39":{"start":{"line":72,"column":20},"end":{"line":80,"column":5}},"40":{"start":{"line":82,"column":4},"end":{"line":82,"column":42}},"41":{"start":{"line":83,"column":4},"end":{"line":83,"column":18}},"42":{"start":{"line":85,"column":4},"end":{"line":85,"column":16}},"43":{"start":{"line":89,"column":20},"end":{"line":98,"column":3}},"44":{"start":{"line":90,"column":4},"end":{"line":90,"column":28}},"45":{"start":{"line":91,"column":4},"end":{"line":91,"column":28}},"46":{"start":{"line":92,"column":4},"end":{"line":92,"column":31}},"47":{"start":{"line":93,"column":4},"end":{"line":93,"column":38}},"48":{"start":{"line":94,"column":4},"end":{"line":94,"column":33}},"49":{"start":{"line":95,"column":4},"end":{"line":95,"column":35}},"50":{"start":{"line":96,"column":4},"end":{"line":96,"column":35}},"51":{"start":{"line":97,"column":4},"end":{"line":97,"column":29}},"52":{"start":{"line":100,"column":19},"end":{"line":115,"column":3}},"53":{"start":{"line":101,"column":4},"end":{"line":114,"column":6}},"54":{"start":{"line":103,"column":8},"end":{"line":112,"column":10}},"55":{"start":{"line":118,"column":2},"end":{"line":166,"column":4}}},"fnMap":{"0":{"name":"validate","decl":{"start":{"line":6,"column":9},"end":{"line":6,"column":17}},"loc":{"start":{"line":6,"column":130},"end":{"line":37,"column":1}},"line":6},"1":{"name":"Form","decl":{"start":{"line":39,"column":16},"end":{"line":39,"column":20}},"loc":{"start":{"line":39,"column":36},"end":{"line":167,"column":1}},"line":39},"2":{"name":"(anonymous_2)","decl":{"start":{"line":50,"column":23},"end":{"line":50,"column":24}},"loc":{"start":{"line":50,"column":51},"end":{"line":87,"column":3}},"line":50},"3":{"name":"(anonymous_3)","decl":{"start":{"line":89,"column":20},"end":{"line":89,"column":21}},"loc":{"start":{"line":89,"column":26},"end":{"line":98,"column":3}},"line":89},"4":{"name":"(anonymous_4)","decl":{"start":{"line":100,"column":19},"end":{"line":100,"column":20}},"loc":{"start":{"line":100,"column":25},"end":{"line":115,"column":3}},"line":100},"5":{"name":"(anonymous_5)","decl":{"start":{"line":102,"column":20},"end":{"line":102,"column":21}},"loc":{"start":{"line":103,"column":8},"end":{"line":112,"column":10}},"line":103}},"branchMap":{"0":{"loc":{"start":{"line":15,"column":2},"end":{"line":17,"column":3}},"type":"if","locations":[{"start":{"line":15,"column":2},"end":{"line":17,"column":3}},{"start":{},"end":{}}],"line":15},"1":{"loc":{"start":{"line":18,"column":2},"end":{"line":20,"column":3}},"type":"if","locations":[{"start":{"line":18,"column":2},"end":{"line":20,"column":3}},{"start":{},"end":{}}],"line":18},"2":{"loc":{"start":{"line":21,"column":2},"end":{"line":23,"column":3}},"type":"if","locations":[{"start":{"line":21,"column":2},"end":{"line":23,"column":3}},{"start":{},"end":{}}],"line":21},"3":{"loc":{"start":{"line":24,"column":2},"end":{"line":26,"column":3}},"type":"if","locations":[{"start":{"line":24,"column":2},"end":{"line":26,"column":3}},{"start":{},"end":{}}],"line":24},"4":{"loc":{"start":{"line":24,"column":6},"end":{"line":24,"column":51}},"type":"binary-expr","locations":[{"start":{"line":24,"column":6},"end":{"line":24,"column":26}},{"start":{"line":24,"column":30},"end":{"line":24,"column":51}}],"line":24},"5":{"loc":{"start":{"line":27,"column":2},"end":{"line":29,"column":3}},"type":"if","locations":[{"start":{"line":27,"column":2},"end":{"line":29,"column":3}},{"start":{},"end":{}}],"line":27},"6":{"loc":{"start":{"line":30,"column":2},"end":{"line":32,"column":3}},"type":"if","locations":[{"start":{"line":30,"column":2},"end":{"line":32,"column":3}},{"start":{},"end":{}}],"line":30},"7":{"loc":{"start":{"line":30,"column":6},"end":{"line":30,"column":40}},"type":"binary-expr","locations":[{"start":{"line":30,"column":6},"end":{"line":30,"column":20}},{"start":{"line":30,"column":24},"end":{"line":30,"column":40}}],"line":30},"8":{"loc":{"start":{"line":33,"column":2},"end":{"line":35,"column":3}},"type":"if","locations":[{"start":{"line":33,"column":2},"end":{"line":35,"column":3}},{"start":{},"end":{}}],"line":33},"9":{"loc":{"start":{"line":62,"column":4},"end":{"line":66,"column":5}},"type":"if","locations":[{"start":{"line":62,"column":4},"end":{"line":66,"column":5}},{"start":{},"end":{}}],"line":62},"10":{"loc":{"start":{"line":62,"column":8},"end":{"line":63,"column":77}},"type":"binary-expr","locations":[{"start":{"line":62,"column":8},"end":{"line":62,"column":28}},{"start":{"line":62,"column":32},"end":{"line":62,"column":52}},{"start":{"line":62,"column":56},"end":{"line":62,"column":76}},{"start":{"line":63,"column":9},"end":{"line":63,"column":29}},{"start":{"line":63,"column":33},"end":{"line":63,"column":53}},{"start":{"line":63,"column":57},"end":{"line":63,"column":77}}],"line":62},"11":{"loc":{"start":{"line":125,"column":40},"end":{"line":125,"column":71}},"type":"cond-expr","locations":[{"start":{"line":125,"column":52},"end":{"line":125,"column":66}},{"start":{"line":125,"column":69},"end":{"line":125,"column":71}}],"line":125},"12":{"loc":{"start":{"line":130,"column":42},"end":{"line":130,"column":73}},"type":"cond-expr","locations":[{"start":{"line":130,"column":54},"end":{"line":130,"column":68}},{"start":{"line":130,"column":71},"end":{"line":130,"column":73}}],"line":130},"13":{"loc":{"start":{"line":140,"column":42},"end":{"line":140,"column":73}},"type":"cond-expr","locations":[{"start":{"line":140,"column":54},"end":{"line":140,"column":68}},{"start":{"line":140,"column":71},"end":{"line":140,"column":73}}],"line":140},"14":{"loc":{"start":{"line":145,"column":42},"end":{"line":145,"column":73}},"type":"cond-expr","locations":[{"start":{"line":145,"column":54},"end":{"line":145,"column":68}},{"start":{"line":145,"column":71},"end":{"line":145,"column":73}}],"line":145},"15":{"loc":{"start":{"line":154,"column":42},"end":{"line":154,"column":73}},"type":"cond-expr","locations":[{"start":{"line":154,"column":54},"end":{"line":154,"column":68}},{"start":{"line":154,"column":71},"end":{"line":154,"column":73}}],"line":154},"16":{"loc":{"start":{"line":159,"column":42},"end":{"line":159,"column":73}},"type":"cond-expr","locations":[{"start":{"line":159,"column":54},"end":{"line":159,"column":68}},{"start":{"line":159,"column":71},"end":{"line":159,"column":73}}],"line":159}},"s":{"0":1,"1":1,"2":1,"3":1,"4":1,"5":1,"6":1,"7":1,"8":1,"9":1,"10":1,"11":1,"12":1,"13":1,"14":1,"15":1,"16":1,"17":1,"18":1,"19":1,"20":1,"21":1,"22":5,"23":5,"24":5,"25":5,"26":5,"27":5,"28":5,"29":5,"30":5,"31":5,"32":1,"33":1,"34":1,"35":1,"36":1,"37":0,"38":0,"39":0,"40":0,"41":0,"42":0,"43":5,"44":0,"45":0,"46":0,"47":0,"48":0,"49":0,"50":0,"51":0,"52":5,"53":5,"54":0,"55":5},"f":{"0":1,"1":5,"2":1,"3":0,"4":5,"5":0},"b":{"0":[1,0],"1":[1,0],"2":[1,0],"3":[1,0],"4":[1,1],"5":[1,0],"6":[1,0],"7":[1,1],"8":[1,0],"9":[1,0],"10":[1,0,0,0,0,0],"11":[1,4],"12":[1,4],"13":[1,4],"14":[1,4],"15":[1,4],"16":[1,4]},"_coverageSchema":"1a1c01bbd47fc00a2c39e90264f33305004495a9","hash":"82ab5b484675a7f386941e0730668b2575c9beae"}
,"I:\\Karina\\GitKarina\\react-components\\src\\components\\FormPage\\FormPage.tsx": {"path":"I:\\Karina\\GitKarina\\react-components\\src\\components\\FormPage\\FormPage.tsx","statementMap":{"0":{"start":{"line":7,"column":2},"end":{"line":15,"column":4}}},"fnMap":{"0":{"name":"FormPage","decl":{"start":{"line":6,"column":24},"end":{"line":6,"column":32}},"loc":{"start":{"line":6,"column":48},"end":{"line":16,"column":1}},"line":6}},"branchMap":{},"s":{"0":1},"f":{"0":1},"b":{},"_coverageSchema":"1a1c01bbd47fc00a2c39e90264f33305004495a9","hash":"a4c337fb7c5d58543722453bfd4f3322b0d0d711"}
,"I:\\Karina\\GitKarina\\react-components\\src\\components\\Header\\Header.tsx": {"path":"I:\\Karina\\GitKarina\\react-components\\src\\components\\Header\\Header.tsx","statementMap":{"0":{"start":{"line":8,"column":19},"end":{"line":8,"column":32}},"1":{"start":{"line":9,"column":21},"end":{"line":9,"column":41}},"2":{"start":{"line":10,"column":22},"end":{"line":10,"column":63}},"3":{"start":{"line":10,"column":28},"end":{"line":10,"column":63}},"4":{"start":{"line":11,"column":21},"end":{"line":11,"column":64}},"5":{"start":{"line":11,"column":27},"end":{"line":11,"column":64}},"6":{"start":{"line":12,"column":21},"end":{"line":12,"column":61}},"7":{"start":{"line":12,"column":27},"end":{"line":12,"column":61}},"8":{"start":{"line":13,"column":16},"end":{"line":13,"column":23}},"9":{"start":{"line":14,"column":15},"end":{"line":14,"column":21}},"10":{"start":{"line":15,"column":15},"end":{"line":15,"column":21}},"11":{"start":{"line":16,"column":14},"end":{"line":16,"column":17}},"12":{"start":{"line":17,"column":15},"end":{"line":17,"column":17}},"13":{"start":{"line":19,"column":2},"end":{"line":29,"column":3}},"14":{"start":{"line":21,"column":6},"end":{"line":21,"column":21}},"15":{"start":{"line":22,"column":6},"end":{"line":22,"column":12}},"16":{"start":{"line":24,"column":6},"end":{"line":24,"column":20}},"17":{"start":{"line":25,"column":6},"end":{"line":25,"column":12}},"18":{"start":{"line":27,"column":6},"end":{"line":27,"column":20}},"19":{"start":{"line":28,"column":6},"end":{"line":28,"column":12}},"20":{"start":{"line":31,"column":2},"end":{"line":48,"column":4}},"21":{"start":{"line":35,"column":96},"end":{"line":35,"column":117}},"22":{"start":{"line":38,"column":96},"end":{"line":38,"column":114}},"23":{"start":{"line":41,"column":97},"end":{"line":41,"column":116}}},"fnMap":{"0":{"name":"Header","decl":{"start":{"line":7,"column":16},"end":{"line":7,"column":22}},"loc":{"start":{"line":7,"column":38},"end":{"line":49,"column":1}},"line":7},"1":{"name":"(anonymous_1)","decl":{"start":{"line":10,"column":22},"end":{"line":10,"column":23}},"loc":{"start":{"line":10,"column":28},"end":{"line":10,"column":63}},"line":10},"2":{"name":"(anonymous_2)","decl":{"start":{"line":11,"column":21},"end":{"line":11,"column":22}},"loc":{"start":{"line":11,"column":27},"end":{"line":11,"column":64}},"line":11},"3":{"name":"(anonymous_3)","decl":{"start":{"line":12,"column":21},"end":{"line":12,"column":22}},"loc":{"start":{"line":12,"column":27},"end":{"line":12,"column":61}},"line":12},"4":{"name":"(anonymous_4)","decl":{"start":{"line":35,"column":90},"end":{"line":35,"column":91}},"loc":{"start":{"line":35,"column":96},"end":{"line":35,"column":117}},"line":35},"5":{"name":"(anonymous_5)","decl":{"start":{"line":38,"column":90},"end":{"line":38,"column":91}},"loc":{"start":{"line":38,"column":96},"end":{"line":38,"column":114}},"line":38},"6":{"name":"(anonymous_6)","decl":{"start":{"line":41,"column":91},"end":{"line":41,"column":92}},"loc":{"start":{"line":41,"column":97},"end":{"line":41,"column":116}},"line":41}},"branchMap":{"0":{"loc":{"start":{"line":19,"column":2},"end":{"line":29,"column":3}},"type":"switch","locations":[{"start":{"line":20,"column":4},"end":{"line":22,"column":12}},{"start":{"line":23,"column":4},"end":{"line":25,"column":12}},{"start":{"line":26,"column":4},"end":{"line":28,"column":12}}],"line":19},"1":{"loc":{"start":{"line":35,"column":55},"end":{"line":35,"column":77}},"type":"cond-expr","locations":[{"start":{"line":35,"column":70},"end":{"line":35,"column":73}},{"start":{"line":35,"column":76},"end":{"line":35,"column":77}}],"line":35},"2":{"loc":{"start":{"line":38,"column":55},"end":{"line":38,"column":77}},"type":"cond-expr","locations":[{"start":{"line":38,"column":70},"end":{"line":38,"column":73}},{"start":{"line":38,"column":76},"end":{"line":38,"column":77}}],"line":38},"3":{"loc":{"start":{"line":41,"column":55},"end":{"line":41,"column":78}},"type":"cond-expr","locations":[{"start":{"line":41,"column":71},"end":{"line":41,"column":74}},{"start":{"line":41,"column":77},"end":{"line":41,"column":78}}],"line":41}},"s":{"0":3,"1":3,"2":3,"3":3,"4":3,"5":3,"6":3,"7":3,"8":3,"9":3,"10":3,"11":3,"12":3,"13":3,"14":0,"15":0,"16":0,"17":0,"18":0,"19":0,"20":3,"21":0,"22":0,"23":0},"f":{"0":3,"1":3,"2":3,"3":3,"4":0,"5":0,"6":0},"b":{"0":[0,0,0],"1":[0,3],"2":[0,3],"3":[0,3]},"_coverageSchema":"1a1c01bbd47fc00a2c39e90264f33305004495a9","hash":"a44cc08aa98088a0506c4ebfa67f5baeb53aa19d"}
,"I:\\Karina\\GitKarina\\react-components\\src\\components\\MainPage\\MainPage.tsx": {"path":"I:\\Karina\\GitKarina\\react-components\\src\\components\\MainPage\\MainPage.tsx","statementMap":{"0":{"start":{"line":9,"column":2},"end":{"line":15,"column":4}}},"fnMap":{"0":{"name":"MainPage","decl":{"start":{"line":8,"column":24},"end":{"line":8,"column":32}},"loc":{"start":{"line":8,"column":48},"end":{"line":16,"column":1}},"line":8}},"branchMap":{},"s":{"0":1},"f":{"0":1},"b":{},"_coverageSchema":"1a1c01bbd47fc00a2c39e90264f33305004495a9","hash":"01084fa4ae56432d219dc20672f6177cb20b45b8"}
,"I:\\Karina\\GitKarina\\react-components\\src\\components\\Search\\Search.tsx": {"path":"I:\\Karina\\GitKarina\\react-components\\src\\components\\Search\\Search.tsx","statementMap":{"0":{"start":{"line":6,"column":21},"end":{"line":6,"column":50}},"1":{"start":{"line":7,"column":2},"end":{"line":9,"column":3}},"2":{"start":{"line":8,"column":4},"end":{"line":8,"column":44}},"3":{"start":{"line":10,"column":40},"end":{"line":10,"column":82}},"4":{"start":{"line":12,"column":21},"end":{"line":15,"column":3}},"5":{"start":{"line":13,"column":4},"end":{"line":13,"column":35}},"6":{"start":{"line":14,"column":4},"end":{"line":14,"column":66}},"7":{"start":{"line":17,"column":2},"end":{"line":22,"column":4}}},"fnMap":{"0":{"name":"Search","decl":{"start":{"line":5,"column":16},"end":{"line":5,"column":22}},"loc":{"start":{"line":5,"column":38},"end":{"line":23,"column":1}},"line":5},"1":{"name":"(anonymous_1)","decl":{"start":{"line":12,"column":21},"end":{"line":12,"column":22}},"loc":{"start":{"line":12,"column":65},"end":{"line":15,"column":3}},"line":12}},"branchMap":{"0":{"loc":{"start":{"line":7,"column":2},"end":{"line":9,"column":3}},"type":"if","locations":[{"start":{"line":7,"column":2},"end":{"line":9,"column":3}},{"start":{},"end":{}}],"line":7},"1":{"loc":{"start":{"line":10,"column":49},"end":{"line":10,"column":81}},"type":"cond-expr","locations":[{"start":{"line":10,"column":64},"end":{"line":10,"column":76}},{"start":{"line":10,"column":79},"end":{"line":10,"column":81}}],"line":10}},"s":{"0":2,"1":2,"2":0,"3":2,"4":2,"5":0,"6":0,"7":2},"f":{"0":2,"1":0},"b":{"0":[0,2],"1":[0,2]},"_coverageSchema":"1a1c01bbd47fc00a2c39e90264f33305004495a9","hash":"f700c68e0a3c02121837a3ad033e58b75f365d08"}
}
