{"I:\\Karina\\GitKarina\\react-components\\src\\components\\App.tsx": {"path":"I:\\Karina\\GitKarina\\react-components\\src\\components\\App.tsx","statementMap":{"0":{"start":{"line":9,"column":27},"end":{"line":9,"column":30}},"1":{"start":{"line":10,"column":25},"end":{"line":10,"column":33}},"2":{"start":{"line":11,"column":24},"end":{"line":11,"column":31}},"3":{"start":{"line":12,"column":25},"end":{"line":12,"column":28}},"4":{"start":{"line":16,"column":4},"end":{"line":25,"column":6}}},"fnMap":{"0":{"name":"(anonymous_0)","decl":{"start":{"line":15,"column":2},"end":{"line":15,"column":3}},"loc":{"start":{"line":15,"column":11},"end":{"line":26,"column":3}},"line":15}},"branchMap":{},"s":{"0":4,"1":4,"2":4,"3":4,"4":0},"f":{"0":0},"b":{},"_coverageSchema":"1a1c01bbd47fc00a2c39e90264f33305004495a9","hash":"c3ee6b74564b088e8af59691b2b8cf6bd3c3db94"}
,"I:\\Karina\\GitKarina\\react-components\\src\\components\\cards.ts": {"path":"I:\\Karina\\GitKarina\\react-components\\src\\components\\cards.ts","statementMap":{"0":{"start":{"line":22,"column":41},"end":{"line":146,"column":1}}},"fnMap":{},"branchMap":{},"s":{"0":5},"f":{},"b":{},"_coverageSchema":"1a1c01bbd47fc00a2c39e90264f33305004495a9","hash":"6d69428722c1ff10353da66f196c056fc36ef10b"}
,"I:\\Karina\\GitKarina\\react-components\\src\\components\\AboutPage\\AboutPage.tsx": {"path":"I:\\Karina\\GitKarina\\react-components\\src\\components\\AboutPage\\AboutPage.tsx","statementMap":{"0":{"start":{"line":8,"column":4},"end":{"line":17,"column":6}}},"fnMap":{"0":{"name":"(anonymous_0)","decl":{"start":{"line":7,"column":2},"end":{"line":7,"column":3}},"loc":{"start":{"line":7,"column":11},"end":{"line":18,"column":3}},"line":7}},"branchMap":{},"s":{"0":1},"f":{"0":1},"b":{},"_coverageSchema":"1a1c01bbd47fc00a2c39e90264f33305004495a9","hash":"d756f1ee5939c6253d85d3412af01e0a4d3fe400"}
,"I:\\Karina\\GitKarina\\react-components\\src\\components\\Card\\Card.tsx": {"path":"I:\\Karina\\GitKarina\\react-components\\src\\components\\Card\\Card.tsx","statementMap":{"0":{"start":{"line":12,"column":4},"end":{"line":12,"column":17}},"1":{"start":{"line":13,"column":4},"end":{"line":13,"column":19}},"2":{"start":{"line":14,"column":4},"end":{"line":14,"column":18}},"3":{"start":{"line":18,"column":4},"end":{"line":26,"column":6}}},"fnMap":{"0":{"name":"(anonymous_0)","decl":{"start":{"line":11,"column":2},"end":{"line":11,"column":3}},"loc":{"start":{"line":11,"column":28},"end":{"line":15,"column":3}},"line":11},"1":{"name":"(anonymous_1)","decl":{"start":{"line":17,"column":2},"end":{"line":17,"column":3}},"loc":{"start":{"line":17,"column":11},"end":{"line":27,"column":3}},"line":17}},"branchMap":{},"s":{"0":32,"1":32,"2":32,"3":64},"f":{"0":32,"1":64},"b":{},"_coverageSchema":"1a1c01bbd47fc00a2c39e90264f33305004495a9","hash":"4c865f668f29484d38e1606ada245eb141e00bf4"}
,"I:\\Karina\\GitKarina\\react-components\\src\\components\\CardForm\\CardForm.tsx": {"path":"I:\\Karina\\GitKarina\\react-components\\src\\components\\CardForm\\CardForm.tsx","statementMap":{"0":{"start":{"line":7,"column":4},"end":{"line":7,"column":17}},"1":{"start":{"line":8,"column":4},"end":{"line":8,"column":18}},"2":{"start":{"line":12,"column":4},"end":{"line":23,"column":6}}},"fnMap":{"0":{"name":"(anonymous_0)","decl":{"start":{"line":6,"column":2},"end":{"line":6,"column":3}},"loc":{"start":{"line":6,"column":32},"end":{"line":9,"column":3}},"line":6},"1":{"name":"(anonymous_1)","decl":{"start":{"line":11,"column":2},"end":{"line":11,"column":3}},"loc":{"start":{"line":11,"column":11},"end":{"line":24,"column":3}},"line":11}},"branchMap":{"0":{"loc":{"start":{"line":18,"column":43},"end":{"line":18,"column":94}},"type":"cond-expr","locations":[{"start":{"line":18,"column":82},"end":{"line":18,"column":87}},{"start":{"line":18,"column":90},"end":{"line":18,"column":94}}],"line":18},"1":{"loc":{"start":{"line":19,"column":38},"end":{"line":19,"column":84}},"type":"cond-expr","locations":[{"start":{"line":19,"column":72},"end":{"line":19,"column":77}},{"start":{"line":19,"column":80},"end":{"line":19,"column":84}}],"line":19},"2":{"loc":{"start":{"line":20,"column":40},"end":{"line":20,"column":88}},"type":"cond-expr","locations":[{"start":{"line":20,"column":76},"end":{"line":20,"column":81}},{"start":{"line":20,"column":84},"end":{"line":20,"column":88}}],"line":20}},"s":{"0":1,"1":1,"2":2},"f":{"0":1,"1":2},"b":{"0":[0,2],"1":[0,2],"2":[0,2]},"_coverageSchema":"1a1c01bbd47fc00a2c39e90264f33305004495a9","hash":"baf3c3f31e7559b8c43e03707fbc770a399c4506"}
,"I:\\Karina\\GitKarina\\react-components\\src\\components\\Cards\\Cards.tsx": {"path":"I:\\Karina\\GitKarina\\react-components\\src\\components\\Cards\\Cards.tsx","statementMap":{"0":{"start":{"line":10,"column":4},"end":{"line":22,"column":6}},"1":{"start":{"line":12,"column":8},"end":{"line":20,"column":10}},"2":{"start":{"line":26,"column":4},"end":{"line":29,"column":14}}},"fnMap":{"0":{"name":"(anonymous_0)","decl":{"start":{"line":9,"column":2},"end":{"line":9,"column":3}},"loc":{"start":{"line":9,"column":13},"end":{"line":23,"column":3}},"line":9},"1":{"name":"(anonymous_1)","decl":{"start":{"line":11,"column":21},"end":{"line":11,"column":22}},"loc":{"start":{"line":12,"column":8},"end":{"line":20,"column":10}},"line":12},"2":{"name":"(anonymous_2)","decl":{"start":{"line":25,"column":2},"end":{"line":25,"column":3}},"loc":{"start":{"line":25,"column":11},"end":{"line":30,"column":3}},"line":25}},"branchMap":{},"s":{"0":2,"1":30,"2":2},"f":{"0":2,"1":30,"2":2},"b":{},"_coverageSchema":"1a1c01bbd47fc00a2c39e90264f33305004495a9","hash":"afeca8b447b3780f31020addacba55a342f54728"}
,"I:\\Karina\\GitKarina\\react-components\\src\\components\\ErrorPage\\ErrorPage.tsx": {"path":"I:\\Karina\\GitKarina\\react-components\\src\\components\\ErrorPage\\ErrorPage.tsx","statementMap":{"0":{"start":{"line":6,"column":4},"end":{"line":11,"column":6}}},"fnMap":{"0":{"name":"(anonymous_0)","decl":{"start":{"line":5,"column":2},"end":{"line":5,"column":3}},"loc":{"start":{"line":5,"column":11},"end":{"line":12,"column":3}},"line":5}},"branchMap":{},"s":{"0":1},"f":{"0":1},"b":{},"_coverageSchema":"1a1c01bbd47fc00a2c39e90264f33305004495a9","hash":"3f1559dcb189a37cdb1abada34c8985eb2b8dd73"}
,"I:\\Karina\\GitKarina\\react-components\\src\\components\\Form\\Form.tsx": {"path":"I:\\Karina\\GitKarina\\react-components\\src\\components\\Form\\Form.tsx","statementMap":{"0":{"start":{"line":19,"column":17},"end":{"line":19,"column":19}},"1":{"start":{"line":20,"column":2},"end":{"line":22,"column":3}},"2":{"start":{"line":21,"column":4},"end":{"line":21,"column":39}},"3":{"start":{"line":23,"column":2},"end":{"line":25,"column":3}},"4":{"start":{"line":24,"column":4},"end":{"line":24,"column":37}},"5":{"start":{"line":26,"column":2},"end":{"line":28,"column":3}},"6":{"start":{"line":27,"column":4},"end":{"line":27,"column":33}},"7":{"start":{"line":29,"column":2},"end":{"line":31,"column":3}},"8":{"start":{"line":30,"column":4},"end":{"line":30,"column":38}},"9":{"start":{"line":32,"column":2},"end":{"line":34,"column":3}},"10":{"start":{"line":33,"column":4},"end":{"line":33,"column":89}},"11":{"start":{"line":35,"column":2},"end":{"line":37,"column":3}},"12":{"start":{"line":36,"column":4},"end":{"line":36,"column":47}},"13":{"start":{"line":38,"column":2},"end":{"line":40,"column":3}},"14":{"start":{"line":39,"column":4},"end":{"line":39,"column":29}},"15":{"start":{"line":42,"column":2},"end":{"line":42,"column":16}},"16":{"start":{"line":58,"column":4},"end":{"line":58,"column":17}},"17":{"start":{"line":59,"column":4},"end":{"line":59,"column":53}},"18":{"start":{"line":60,"column":4},"end":{"line":70,"column":6}},"19":{"start":{"line":75,"column":4},"end":{"line":75,"column":27}},"20":{"start":{"line":77,"column":19},"end":{"line":85,"column":5}},"21":{"start":{"line":86,"column":4},"end":{"line":89,"column":5}},"22":{"start":{"line":87,"column":6},"end":{"line":87,"column":32}},"23":{"start":{"line":88,"column":6},"end":{"line":88,"column":13}},"24":{"start":{"line":91,"column":4},"end":{"line":91,"column":37}},"25":{"start":{"line":93,"column":17},"end":{"line":93,"column":51}},"26":{"start":{"line":95,"column":20},"end":{"line":103,"column":5}},"27":{"start":{"line":105,"column":4},"end":{"line":105,"column":81}},"28":{"start":{"line":106,"column":4},"end":{"line":106,"column":21}},"29":{"start":{"line":111,"column":4},"end":{"line":111,"column":39}},"30":{"start":{"line":112,"column":4},"end":{"line":112,"column":39}},"31":{"start":{"line":113,"column":4},"end":{"line":113,"column":42}},"32":{"start":{"line":114,"column":4},"end":{"line":114,"column":49}},"33":{"start":{"line":115,"column":4},"end":{"line":115,"column":44}},"34":{"start":{"line":116,"column":4},"end":{"line":116,"column":46}},"35":{"start":{"line":117,"column":4},"end":{"line":117,"column":46}},"36":{"start":{"line":118,"column":4},"end":{"line":118,"column":40}},"37":{"start":{"line":122,"column":4},"end":{"line":135,"column":6}},"38":{"start":{"line":124,"column":8},"end":{"line":133,"column":10}},"39":{"start":{"line":139,"column":23},"end":{"line":139,"column":33}},"40":{"start":{"line":140,"column":4},"end":{"line":185,"column":6}},"41":{"start":{"line":144,"column":12},"end":{"line":144,"column":55}}},"fnMap":{"0":{"name":"validate","decl":{"start":{"line":18,"column":9},"end":{"line":18,"column":17}},"loc":{"start":{"line":18,"column":127},"end":{"line":43,"column":1}},"line":18},"1":{"name":"(anonymous_1)","decl":{"start":{"line":57,"column":2},"end":{"line":57,"column":3}},"loc":{"start":{"line":57,"column":25},"end":{"line":71,"column":3}},"line":57},"2":{"name":"(anonymous_2)","decl":{"start":{"line":74,"column":2},"end":{"line":74,"column":3}},"loc":{"start":{"line":74,"column":27},"end":{"line":108,"column":3}},"line":74},"3":{"name":"(anonymous_3)","decl":{"start":{"line":110,"column":2},"end":{"line":110,"column":3}},"loc":{"start":{"line":110,"column":14},"end":{"line":119,"column":3}},"line":110},"4":{"name":"(anonymous_4)","decl":{"start":{"line":121,"column":2},"end":{"line":121,"column":3}},"loc":{"start":{"line":121,"column":13},"end":{"line":136,"column":3}},"line":121},"5":{"name":"(anonymous_5)","decl":{"start":{"line":123,"column":31},"end":{"line":123,"column":32}},"loc":{"start":{"line":124,"column":8},"end":{"line":133,"column":10}},"line":124},"6":{"name":"(anonymous_6)","decl":{"start":{"line":138,"column":2},"end":{"line":138,"column":3}},"loc":{"start":{"line":138,"column":11},"end":{"line":186,"column":3}},"line":138},"7":{"name":"(anonymous_7)","decl":{"start":{"line":143,"column":22},"end":{"line":143,"column":23}},"loc":{"start":{"line":144,"column":12},"end":{"line":144,"column":55}},"line":144}},"branchMap":{"0":{"loc":{"start":{"line":20,"column":2},"end":{"line":22,"column":3}},"type":"if","locations":[{"start":{"line":20,"column":2},"end":{"line":22,"column":3}},{"start":{},"end":{}}],"line":20},"1":{"loc":{"start":{"line":23,"column":2},"end":{"line":25,"column":3}},"type":"if","locations":[{"start":{"line":23,"column":2},"end":{"line":25,"column":3}},{"start":{},"end":{}}],"line":23},"2":{"loc":{"start":{"line":26,"column":2},"end":{"line":28,"column":3}},"type":"if","locations":[{"start":{"line":26,"column":2},"end":{"line":28,"column":3}},{"start":{},"end":{}}],"line":26},"3":{"loc":{"start":{"line":29,"column":2},"end":{"line":31,"column":3}},"type":"if","locations":[{"start":{"line":29,"column":2},"end":{"line":31,"column":3}},{"start":{},"end":{}}],"line":29},"4":{"loc":{"start":{"line":29,"column":6},"end":{"line":29,"column":51}},"type":"binary-expr","locations":[{"start":{"line":29,"column":6},"end":{"line":29,"column":26}},{"start":{"line":29,"column":30},"end":{"line":29,"column":51}}],"line":29},"5":{"loc":{"start":{"line":32,"column":2},"end":{"line":34,"column":3}},"type":"if","locations":[{"start":{"line":32,"column":2},"end":{"line":34,"column":3}},{"start":{},"end":{}}],"line":32},"6":{"loc":{"start":{"line":35,"column":2},"end":{"line":37,"column":3}},"type":"if","locations":[{"start":{"line":35,"column":2},"end":{"line":37,"column":3}},{"start":{},"end":{}}],"line":35},"7":{"loc":{"start":{"line":35,"column":6},"end":{"line":35,"column":40}},"type":"binary-expr","locations":[{"start":{"line":35,"column":6},"end":{"line":35,"column":20}},{"start":{"line":35,"column":24},"end":{"line":35,"column":40}}],"line":35},"8":{"loc":{"start":{"line":38,"column":2},"end":{"line":40,"column":3}},"type":"if","locations":[{"start":{"line":38,"column":2},"end":{"line":40,"column":3}},{"start":{},"end":{}}],"line":38},"9":{"loc":{"start":{"line":86,"column":4},"end":{"line":89,"column":5}},"type":"if","locations":[{"start":{"line":86,"column":4},"end":{"line":89,"column":5}},{"start":{},"end":{}}],"line":86}},"s":{"0":1,"1":1,"2":1,"3":1,"4":1,"5":1,"6":1,"7":1,"8":1,"9":1,"10":1,"11":1,"12":1,"13":1,"14":1,"15":1,"16":4,"17":4,"18":4,"19":1,"20":1,"21":1,"22":1,"23":1,"24":0,"25":0,"26":0,"27":0,"28":0,"29":0,"30":0,"31":0,"32":0,"33":0,"34":0,"35":0,"36":0,"37":5,"38":0,"39":5,"40":5,"41":7},"f":{"0":1,"1":4,"2":1,"3":0,"4":5,"5":0,"6":5,"7":7},"b":{"0":[1,0],"1":[1,0],"2":[1,0],"3":[1,0],"4":[1,1],"5":[1,0],"6":[1,0],"7":[1,1],"8":[1,0],"9":[1,0]},"_coverageSchema":"1a1c01bbd47fc00a2c39e90264f33305004495a9","hash":"62a94a3515ba059be8a00dfa45d03fe7845b239e"}
,"I:\\Karina\\GitKarina\\react-components\\src\\components\\FormPage\\FormPage.tsx": {"path":"I:\\Karina\\GitKarina\\react-components\\src\\components\\FormPage\\FormPage.tsx","statementMap":{"0":{"start":{"line":8,"column":4},"end":{"line":8,"column":17}},"1":{"start":{"line":9,"column":4},"end":{"line":9,"column":33}},"2":{"start":{"line":10,"column":4},"end":{"line":10,"column":51}},"3":{"start":{"line":14,"column":4},"end":{"line":18,"column":5}},"4":{"start":{"line":17,"column":6},"end":{"line":17,"column":31}},"5":{"start":{"line":22,"column":4},"end":{"line":24,"column":5}},"6":{"start":{"line":23,"column":6},"end":{"line":23,"column":38}},"7":{"start":{"line":25,"column":4},"end":{"line":33,"column":6}}},"fnMap":{"0":{"name":"(anonymous_0)","decl":{"start":{"line":7,"column":2},"end":{"line":7,"column":3}},"loc":{"start":{"line":7,"column":25},"end":{"line":11,"column":3}},"line":7},"1":{"name":"(anonymous_1)","decl":{"start":{"line":13,"column":2},"end":{"line":13,"column":3}},"loc":{"start":{"line":13,"column":16},"end":{"line":19,"column":3}},"line":13},"2":{"name":"(anonymous_2)","decl":{"start":{"line":21,"column":2},"end":{"line":21,"column":3}},"loc":{"start":{"line":21,"column":11},"end":{"line":34,"column":3}},"line":21}},"branchMap":{"0":{"loc":{"start":{"line":22,"column":4},"end":{"line":24,"column":5}},"type":"if","locations":[{"start":{"line":22,"column":4},"end":{"line":24,"column":5}},{"start":{},"end":{}}],"line":22}},"s":{"0":1,"1":1,"2":1,"3":0,"4":0,"5":1,"6":0,"7":1},"f":{"0":1,"1":0,"2":1},"b":{"0":[0,1]},"_coverageSchema":"1a1c01bbd47fc00a2c39e90264f33305004495a9","hash":"80181fb5850b1390c8c6cc4f164ce978a2d38a78"}
,"I:\\Karina\\GitKarina\\react-components\\src\\components\\Header\\Header.tsx": {"path":"I:\\Karina\\GitKarina\\react-components\\src\\components\\Header\\Header.tsx","statementMap":{"0":{"start":{"line":9,"column":23},"end":{"line":9,"column":43}},"1":{"start":{"line":10,"column":24},"end":{"line":10,"column":65}},"2":{"start":{"line":10,"column":30},"end":{"line":10,"column":65}},"3":{"start":{"line":11,"column":23},"end":{"line":11,"column":66}},"4":{"start":{"line":11,"column":29},"end":{"line":11,"column":66}},"5":{"start":{"line":12,"column":23},"end":{"line":12,"column":63}},"6":{"start":{"line":12,"column":29},"end":{"line":12,"column":63}},"7":{"start":{"line":13,"column":18},"end":{"line":13,"column":25}},"8":{"start":{"line":14,"column":17},"end":{"line":14,"column":23}},"9":{"start":{"line":15,"column":17},"end":{"line":15,"column":23}},"10":{"start":{"line":16,"column":16},"end":{"line":16,"column":19}},"11":{"start":{"line":17,"column":17},"end":{"line":17,"column":19}},"12":{"start":{"line":19,"column":4},"end":{"line":29,"column":5}},"13":{"start":{"line":21,"column":8},"end":{"line":21,"column":23}},"14":{"start":{"line":22,"column":8},"end":{"line":22,"column":14}},"15":{"start":{"line":24,"column":8},"end":{"line":24,"column":22}},"16":{"start":{"line":25,"column":8},"end":{"line":25,"column":14}},"17":{"start":{"line":27,"column":8},"end":{"line":27,"column":22}},"18":{"start":{"line":28,"column":8},"end":{"line":28,"column":14}},"19":{"start":{"line":31,"column":4},"end":{"line":56,"column":6}}},"fnMap":{"0":{"name":"(anonymous_0)","decl":{"start":{"line":8,"column":2},"end":{"line":8,"column":3}},"loc":{"start":{"line":8,"column":11},"end":{"line":58,"column":3}},"line":8},"1":{"name":"(anonymous_1)","decl":{"start":{"line":10,"column":24},"end":{"line":10,"column":25}},"loc":{"start":{"line":10,"column":30},"end":{"line":10,"column":65}},"line":10},"2":{"name":"(anonymous_2)","decl":{"start":{"line":11,"column":23},"end":{"line":11,"column":24}},"loc":{"start":{"line":11,"column":29},"end":{"line":11,"column":66}},"line":11},"3":{"name":"(anonymous_3)","decl":{"start":{"line":12,"column":23},"end":{"line":12,"column":24}},"loc":{"start":{"line":12,"column":29},"end":{"line":12,"column":63}},"line":12}},"branchMap":{"0":{"loc":{"start":{"line":19,"column":4},"end":{"line":29,"column":5}},"type":"switch","locations":[{"start":{"line":20,"column":6},"end":{"line":22,"column":14}},{"start":{"line":23,"column":6},"end":{"line":25,"column":14}},{"start":{"line":26,"column":6},"end":{"line":28,"column":14}}],"line":19},"1":{"loc":{"start":{"line":36,"column":59},"end":{"line":36,"column":81}},"type":"cond-expr","locations":[{"start":{"line":36,"column":74},"end":{"line":36,"column":77}},{"start":{"line":36,"column":80},"end":{"line":36,"column":81}}],"line":36},"2":{"loc":{"start":{"line":40,"column":82},"end":{"line":40,"column":112}},"type":"cond-expr","locations":[{"start":{"line":40,"column":97},"end":{"line":40,"column":103}},{"start":{"line":40,"column":106},"end":{"line":40,"column":112}}],"line":40},"3":{"loc":{"start":{"line":41,"column":59},"end":{"line":41,"column":81}},"type":"cond-expr","locations":[{"start":{"line":41,"column":74},"end":{"line":41,"column":77}},{"start":{"line":41,"column":80},"end":{"line":41,"column":81}}],"line":41},"4":{"loc":{"start":{"line":45,"column":82},"end":{"line":45,"column":113}},"type":"cond-expr","locations":[{"start":{"line":45,"column":98},"end":{"line":45,"column":104}},{"start":{"line":45,"column":107},"end":{"line":45,"column":113}}],"line":45},"5":{"loc":{"start":{"line":46,"column":59},"end":{"line":46,"column":82}},"type":"cond-expr","locations":[{"start":{"line":46,"column":75},"end":{"line":46,"column":78}},{"start":{"line":46,"column":81},"end":{"line":46,"column":82}}],"line":46}},"s":{"0":3,"1":3,"2":6,"3":3,"4":3,"5":3,"6":6,"7":3,"8":3,"9":3,"10":3,"11":3,"12":3,"13":0,"14":0,"15":0,"16":0,"17":0,"18":0,"19":3},"f":{"0":3,"1":6,"2":3,"3":6},"b":{"0":[0,0,0],"1":[0,3],"2":[0,3],"3":[0,3],"4":[0,3],"5":[0,3]},"_coverageSchema":"1a1c01bbd47fc00a2c39e90264f33305004495a9","hash":"5505a87b1b4eef4dfb70935175aef0da5d428f84"}
,"I:\\Karina\\GitKarina\\react-components\\src\\components\\MainPage\\MainPage.tsx": {"path":"I:\\Karina\\GitKarina\\react-components\\src\\components\\MainPage\\MainPage.tsx","statementMap":{"0":{"start":{"line":10,"column":4},"end":{"line":16,"column":6}}},"fnMap":{"0":{"name":"(anonymous_0)","decl":{"start":{"line":9,"column":2},"end":{"line":9,"column":3}},"loc":{"start":{"line":9,"column":11},"end":{"line":17,"column":3}},"line":9}},"branchMap":{},"s":{"0":1},"f":{"0":1},"b":{},"_coverageSchema":"1a1c01bbd47fc00a2c39e90264f33305004495a9","hash":"6cdd4caaf814c50d49fd4dbf0ac854552d8fa747"}
,"I:\\Karina\\GitKarina\\react-components\\src\\components\\Search\\Search.tsx": {"path":"I:\\Karina\\GitKarina\\react-components\\src\\components\\Search\\Search.tsx","statementMap":{"0":{"start":{"line":10,"column":4},"end":{"line":10,"column":17}},"1":{"start":{"line":11,"column":23},"end":{"line":11,"column":52}},"2":{"start":{"line":12,"column":4},"end":{"line":14,"column":5}},"3":{"start":{"line":13,"column":6},"end":{"line":13,"column":46}},"4":{"start":{"line":15,"column":4},"end":{"line":17,"column":6}},"5":{"start":{"line":20,"column":15},"end":{"line":23,"column":3}},"6":{"start":{"line":21,"column":4},"end":{"line":21,"column":51}},"7":{"start":{"line":22,"column":4},"end":{"line":22,"column":66}},"8":{"start":{"line":26,"column":4},"end":{"line":31,"column":6}}},"fnMap":{"0":{"name":"(anonymous_0)","decl":{"start":{"line":9,"column":2},"end":{"line":9,"column":3}},"loc":{"start":{"line":9,"column":44},"end":{"line":18,"column":3}},"line":9},"1":{"name":"(anonymous_1)","decl":{"start":{"line":20,"column":15},"end":{"line":20,"column":16}},"loc":{"start":{"line":20,"column":59},"end":{"line":23,"column":3}},"line":20},"2":{"name":"(anonymous_2)","decl":{"start":{"line":25,"column":2},"end":{"line":25,"column":3}},"loc":{"start":{"line":25,"column":11},"end":{"line":32,"column":3}},"line":25}},"branchMap":{"0":{"loc":{"start":{"line":12,"column":4},"end":{"line":14,"column":5}},"type":"if","locations":[{"start":{"line":12,"column":4},"end":{"line":14,"column":5}},{"start":{},"end":{}}],"line":12},"1":{"loc":{"start":{"line":16,"column":19},"end":{"line":16,"column":51}},"type":"cond-expr","locations":[{"start":{"line":16,"column":34},"end":{"line":16,"column":46}},{"start":{"line":16,"column":49},"end":{"line":16,"column":51}}],"line":16}},"s":{"0":2,"1":2,"2":2,"3":0,"4":2,"5":2,"6":0,"7":0,"8":2},"f":{"0":2,"1":0,"2":2},"b":{"0":[0,2],"1":[0,2]},"_coverageSchema":"1a1c01bbd47fc00a2c39e90264f33305004495a9","hash":"8f70d50864a9bc1734274b4360e2798a3e8eefd8"}
}
