TN:
SF:src\components\App.tsx
FN:15,(anonymous_0)
FNF:1
FNH:0
FNDA:0,(anonymous_0)
DA:9,4
DA:10,4
DA:11,4
DA:12,4
DA:16,0
LF:5
LH:4
BRF:0
BRH:0
end_of_record
TN:
SF:src\components\cards.ts
FNF:0
FNH:0
DA:22,5
LF:1
LH:1
BRF:0
BRH:0
end_of_record
TN:
SF:src\components\AboutPage\AboutPage.tsx
FN:7,(anonymous_0)
FNF:1
FNH:1
FNDA:1,(anonymous_0)
DA:8,1
LF:1
LH:1
BRF:0
BRH:0
end_of_record
TN:
SF:src\components\Card\Card.tsx
FN:11,(anonymous_0)
FN:17,(anonymous_1)
FNF:2
FNH:2
FNDA:32,(anonymous_0)
FNDA:64,(anonymous_1)
DA:12,32
DA:13,32
DA:14,32
DA:18,64
LF:4
LH:4
BRF:0
BRH:0
end_of_record
TN:
SF:src\components\CardForm\CardForm.tsx
FN:6,(anonymous_0)
FN:11,(anonymous_1)
FNF:2
FNH:2
FNDA:1,(anonymous_0)
FNDA:2,(anonymous_1)
DA:7,1
DA:8,1
DA:12,2
LF:3
LH:3
BRDA:18,0,0,0
BRDA:18,0,1,2
BRDA:19,1,0,0
BRDA:19,1,1,2
BRDA:20,2,0,0
BRDA:20,2,1,2
BRF:6
BRH:3
end_of_record
TN:
SF:src\components\Cards\Cards.tsx
FN:9,(anonymous_0)
FN:11,(anonymous_1)
FN:25,(anonymous_2)
FNF:3
FNH:3
FNDA:2,(anonymous_0)
FNDA:30,(anonymous_1)
FNDA:2,(anonymous_2)
DA:10,2
DA:12,30
DA:26,2
LF:3
LH:3
BRF:0
BRH:0
end_of_record
TN:
SF:src\components\ErrorPage\ErrorPage.tsx
FN:5,(anonymous_0)
FNF:1
FNH:1
FNDA:1,(anonymous_0)
DA:6,1
LF:1
LH:1
BRF:0
BRH:0
end_of_record
TN:
SF:src\components\Form\Form.tsx
FN:18,validate
FN:57,(anonymous_1)
FN:74,(anonymous_2)
FN:110,(anonymous_3)
FN:121,(anonymous_4)
FN:123,(anonymous_5)
FN:138,(anonymous_6)
FN:143,(anonymous_7)
FNF:8
FNH:6
FNDA:1,validate
FNDA:4,(anonymous_1)
FNDA:1,(anonymous_2)
FNDA:0,(anonymous_3)
FNDA:5,(anonymous_4)
FNDA:0,(anonymous_5)
FNDA:5,(anonymous_6)
FNDA:7,(anonymous_7)
DA:19,1
DA:20,1
DA:21,1
DA:23,1
DA:24,1
DA:26,1
DA:27,1
DA:29,1
DA:30,1
DA:32,1
DA:33,1
DA:35,1
DA:36,1
DA:38,1
DA:39,1
DA:42,1
DA:58,4
DA:59,4
DA:60,4
DA:75,1
DA:77,1
DA:86,1
DA:87,1
DA:88,1
DA:91,0
DA:93,0
DA:95,0
DA:105,0
DA:106,0
DA:111,0
DA:112,0
DA:113,0
DA:114,0
DA:115,0
DA:116,0
DA:117,0
DA:118,0
DA:122,5
DA:124,0
DA:139,5
DA:140,5
DA:144,7
LF:42
LH:28
BRDA:20,0,0,1
BRDA:20,0,1,0
BRDA:23,1,0,1
BRDA:23,1,1,0
BRDA:26,2,0,1
BRDA:26,2,1,0
BRDA:29,3,0,1
BRDA:29,3,1,0
BRDA:29,4,0,1
BRDA:29,4,1,1
BRDA:32,5,0,1
BRDA:32,5,1,0
BRDA:35,6,0,1
BRDA:35,6,1,0
BRDA:35,7,0,1
BRDA:35,7,1,1
BRDA:38,8,0,1
BRDA:38,8,1,0
BRDA:86,9,0,1
BRDA:86,9,1,0
BRF:20
BRH:12
end_of_record
TN:
SF:src\components\FormPage\FormPage.tsx
FN:7,(anonymous_0)
FN:13,(anonymous_1)
FN:21,(anonymous_2)
FNF:3
FNH:2
FNDA:1,(anonymous_0)
FNDA:0,(anonymous_1)
FNDA:1,(anonymous_2)
DA:8,1
DA:9,1
DA:10,1
DA:14,0
DA:17,0
DA:22,1
DA:23,0
DA:25,1
LF:8
LH:5
BRDA:22,0,0,0
BRDA:22,0,1,1
BRF:2
BRH:1
end_of_record
TN:
SF:src\components\Header\Header.tsx
FN:8,(anonymous_0)
FN:10,(anonymous_1)
FN:11,(anonymous_2)
FN:12,(anonymous_3)
FNF:4
FNH:4
FNDA:3,(anonymous_0)
FNDA:6,(anonymous_1)
FNDA:3,(anonymous_2)
FNDA:6,(anonymous_3)
DA:9,3
DA:10,6
DA:11,3
DA:12,6
DA:13,3
DA:14,3
DA:15,3
DA:16,3
DA:17,3
DA:19,3
DA:21,0
DA:22,0
DA:24,0
DA:25,0
DA:27,0
DA:28,0
DA:31,3
LF:17
LH:11
BRDA:19,0,0,0
BRDA:19,0,1,0
BRDA:19,0,2,0
BRDA:36,1,0,0
BRDA:36,1,1,3
BRDA:40,2,0,0
BRDA:40,2,1,3
BRDA:41,3,0,0
BRDA:41,3,1,3
BRDA:45,4,0,0
BRDA:45,4,1,3
BRDA:46,5,0,0
BRDA:46,5,1,3
BRF:13
BRH:5
end_of_record
TN:
SF:src\components\MainPage\MainPage.tsx
FN:9,(anonymous_0)
FNF:1
FNH:1
FNDA:1,(anonymous_0)
DA:10,1
LF:1
LH:1
BRF:0
BRH:0
end_of_record
TN:
SF:src\components\Search\Search.tsx
FN:9,(anonymous_0)
FN:20,(anonymous_1)
FN:25,(anonymous_2)
FNF:3
FNH:2
FNDA:2,(anonymous_0)
FNDA:0,(anonymous_1)
FNDA:2,(anonymous_2)
DA:10,2
DA:11,2
DA:12,2
DA:13,0
DA:15,2
DA:20,2
DA:21,0
DA:22,0
DA:26,2
LF:9
LH:6
BRDA:12,0,0,0
BRDA:12,0,1,2
BRDA:16,1,0,0
BRDA:16,1,1,2
BRF:4
BRH:2
end_of_record
