TN:
SF:src\components\App.tsx
FN:16,App
FNF:1
FNH:0
FNDA:0,App
DA:10,4
DA:11,4
DA:12,4
DA:13,4
DA:17,0
LF:5
LH:4
BRF:0
BRH:0
end_of_record
TN:
SF:src\components\cards.ts
FNF:0
FNH:0
DA:22,5
LF:1
LH:1
BRF:0
BRH:0
end_of_record
TN:
SF:src\components\AboutPage\AboutPage.tsx
FN:6,AboutPage
FNF:1
FNH:1
FNDA:1,AboutPage
DA:7,1
LF:1
LH:1
BRF:0
BRH:0
end_of_record
TN:
SF:src\components\Card\Card.tsx
FN:5,Card
FNF:1
FNH:1
FNDA:32,Card
DA:6,32
LF:1
LH:1
BRF:0
BRH:0
end_of_record
TN:
SF:src\components\CardForm\CardForm.tsx
FN:5,CardForm
FNF:1
FNH:1
FNDA:1,CardForm
DA:6,1
LF:1
LH:1
BRDA:12,0,0,0
BRDA:12,0,1,1
BRDA:13,1,0,0
BRDA:13,1,1,1
BRDA:14,2,0,0
BRDA:14,2,1,1
BRF:6
BRH:3
end_of_record
TN:
SF:src\components\Cards\Cards.tsx
FN:7,Cards
FN:9,(anonymous_1)
FN:11,(anonymous_2)
FNF:3
FNH:3
FNDA:2,Cards
FNDA:2,(anonymous_1)
FNDA:30,(anonymous_2)
DA:9,2
DA:10,2
DA:12,30
DA:25,2
LF:4
LH:4
BRF:0
BRH:0
end_of_record
TN:
SF:src\components\ErrorPage\ErrorPage.tsx
FN:4,ErrorPage
FNF:1
FNH:1
FNDA:1,ErrorPage
DA:5,1
LF:1
LH:1
BRF:0
BRH:0
end_of_record
TN:
SF:src\components\Form\Form.tsx
FN:6,validate
FN:39,Form
FN:50,(anonymous_2)
FN:89,(anonymous_3)
FN:100,(anonymous_4)
FN:102,(anonymous_5)
FNF:6
FNH:4
FNDA:1,validate
FNDA:5,Form
FNDA:1,(anonymous_2)
FNDA:0,(anonymous_3)
FNDA:5,(anonymous_4)
FNDA:0,(anonymous_5)
DA:7,1
DA:8,1
DA:9,1
DA:10,1
DA:11,1
DA:12,1
DA:13,1
DA:15,1
DA:16,1
DA:18,1
DA:19,1
DA:21,1
DA:22,1
DA:24,1
DA:25,1
DA:27,1
DA:28,1
DA:30,1
DA:31,1
DA:33,1
DA:34,1
DA:36,1
DA:40,5
DA:41,5
DA:42,5
DA:43,5
DA:44,5
DA:45,5
DA:46,5
DA:47,5
DA:48,5
DA:50,5
DA:51,1
DA:53,1
DA:62,1
DA:64,1
DA:65,1
DA:68,0
DA:70,0
DA:72,0
DA:82,0
DA:83,0
DA:85,0
DA:89,5
DA:90,0
DA:91,0
DA:92,0
DA:93,0
DA:94,0
DA:95,0
DA:96,0
DA:97,0
DA:100,5
DA:101,5
DA:103,0
DA:118,5
LF:56
LH:41
BRDA:15,0,0,1
BRDA:15,0,1,0
BRDA:18,1,0,1
BRDA:18,1,1,0
BRDA:21,2,0,1
BRDA:21,2,1,0
BRDA:24,3,0,1
BRDA:24,3,1,0
BRDA:24,4,0,1
BRDA:24,4,1,1
BRDA:27,5,0,1
BRDA:27,5,1,0
BRDA:30,6,0,1
BRDA:30,6,1,0
BRDA:30,7,0,1
BRDA:30,7,1,1
BRDA:33,8,0,1
BRDA:33,8,1,0
BRDA:62,9,0,1
BRDA:62,9,1,0
BRDA:62,10,0,1
BRDA:62,10,1,0
BRDA:62,10,2,0
BRDA:62,10,3,0
BRDA:62,10,4,0
BRDA:62,10,5,0
BRDA:125,11,0,1
BRDA:125,11,1,4
BRDA:130,12,0,1
BRDA:130,12,1,4
BRDA:140,13,0,1
BRDA:140,13,1,4
BRDA:145,14,0,1
BRDA:145,14,1,4
BRDA:154,15,0,1
BRDA:154,15,1,4
BRDA:159,16,0,1
BRDA:159,16,1,4
BRF:38
BRH:25
end_of_record
TN:
SF:src\components\FormPage\FormPage.tsx
FN:6,FormPage
FNF:1
FNH:1
FNDA:1,FormPage
DA:7,1
LF:1
LH:1
BRF:0
BRH:0
end_of_record
TN:
SF:src\components\Header\Header.tsx
FN:7,Header
FN:10,(anonymous_1)
FN:11,(anonymous_2)
FN:12,(anonymous_3)
FN:35,(anonymous_4)
FN:38,(anonymous_5)
FN:41,(anonymous_6)
FNF:7
FNH:4
FNDA:3,Header
FNDA:3,(anonymous_1)
FNDA:3,(anonymous_2)
FNDA:3,(anonymous_3)
FNDA:0,(anonymous_4)
FNDA:0,(anonymous_5)
FNDA:0,(anonymous_6)
DA:8,3
DA:9,3
DA:10,3
DA:11,3
DA:12,3
DA:13,3
DA:14,3
DA:15,3
DA:16,3
DA:17,3
DA:19,3
DA:21,0
DA:22,0
DA:24,0
DA:25,0
DA:27,0
DA:28,0
DA:31,3
DA:35,0
DA:38,0
DA:41,0
LF:21
LH:12
BRDA:19,0,0,0
BRDA:19,0,1,0
BRDA:19,0,2,0
BRDA:35,1,0,0
BRDA:35,1,1,3
BRDA:38,2,0,0
BRDA:38,2,1,3
BRDA:41,3,0,0
BRDA:41,3,1,3
BRF:9
BRH:3
end_of_record
TN:
SF:src\components\MainPage\MainPage.tsx
FN:8,MainPage
FNF:1
FNH:1
FNDA:1,MainPage
DA:9,1
LF:1
LH:1
BRF:0
BRH:0
end_of_record
TN:
SF:src\components\Search\Search.tsx
FN:5,Search
FN:12,(anonymous_1)
FNF:2
FNH:1
FNDA:2,Search
FNDA:0,(anonymous_1)
DA:6,2
DA:7,2
DA:8,0
DA:10,2
DA:12,2
DA:13,0
DA:14,0
DA:17,2
LF:8
LH:5
BRDA:7,0,0,0
BRDA:7,0,1,2
BRDA:10,1,0,0
BRDA:10,1,1,2
BRF:4
BRH:2
end_of_record
